{"F:\\My Projects~\\LivUpp\\Back-end\\src\\server.js": {"path":"F:\\My Projects~\\LivUpp\\Back-end\\src\\server.js","statementMap":{"0":{"start":{"line":1,"column":16},"end":{"line":1,"column":34}},"1":{"start":{"line":2,"column":13},"end":{"line":2,"column":28}},"2":{"start":{"line":3,"column":0},"end":{"line":3,"column":27}},"3":{"start":{"line":6,"column":39},"end":{"line":6,"column":67}},"4":{"start":{"line":7,"column":24},"end":{"line":7,"column":59}},"5":{"start":{"line":10,"column":0},"end":{"line":14,"column":1}},"6":{"start":{"line":11,"column":2},"end":{"line":11,"column":73}},"7":{"start":{"line":12,"column":2},"end":{"line":12,"column":59}},"8":{"start":{"line":13,"column":2},"end":{"line":13,"column":18}},"9":{"start":{"line":16,"column":12},"end":{"line":16,"column":21}},"10":{"start":{"line":17,"column":13},"end":{"line":17,"column":37}},"11":{"start":{"line":19,"column":0},"end":{"line":19,"column":16}},"12":{"start":{"line":20,"column":0},"end":{"line":20,"column":24}},"13":{"start":{"line":21,"column":0},"end":{"line":21,"column":48}},"14":{"start":{"line":24,"column":0},"end":{"line":24,"column":21}},"15":{"start":{"line":27,"column":0},"end":{"line":33,"column":3}},"16":{"start":{"line":28,"column":2},"end":{"line":32,"column":5}},"17":{"start":{"line":35,"column":0},"end":{"line":35,"column":47}},"18":{"start":{"line":36,"column":0},"end":{"line":36,"column":51}},"19":{"start":{"line":37,"column":0},"end":{"line":37,"column":47}},"20":{"start":{"line":38,"column":0},"end":{"line":38,"column":55}},"21":{"start":{"line":39,"column":0},"end":{"line":39,"column":63}},"22":{"start":{"line":40,"column":0},"end":{"line":40,"column":49}},"23":{"start":{"line":41,"column":0},"end":{"line":41,"column":53}},"24":{"start":{"line":42,"column":0},"end":{"line":42,"column":45}},"25":{"start":{"line":43,"column":0},"end":{"line":43,"column":55}},"26":{"start":{"line":44,"column":0},"end":{"line":44,"column":55}},"27":{"start":{"line":45,"column":0},"end":{"line":45,"column":55}},"28":{"start":{"line":48,"column":0},"end":{"line":192,"column":3}},"29":{"start":{"line":49,"column":2},"end":{"line":191,"column":5}},"30":{"start":{"line":194,"column":0},"end":{"line":196,"column":3}},"31":{"start":{"line":195,"column":2},"end":{"line":195,"column":90}},"32":{"start":{"line":198,"column":0},"end":{"line":200,"column":3}},"33":{"start":{"line":199,"column":2},"end":{"line":199,"column":53}},"34":{"start":{"line":202,"column":0},"end":{"line":208,"column":3}},"35":{"start":{"line":203,"column":2},"end":{"line":203,"column":31}},"36":{"start":{"line":204,"column":2},"end":{"line":207,"column":5}},"37":{"start":{"line":212,"column":2},"end":{"line":247,"column":3}},"38":{"start":{"line":214,"column":4},"end":{"line":217,"column":5}},"39":{"start":{"line":215,"column":6},"end":{"line":215,"column":78}},"40":{"start":{"line":216,"column":6},"end":{"line":216,"column":17}},"41":{"start":{"line":220,"column":20},"end":{"line":220,"column":54}},"42":{"start":{"line":222,"column":4},"end":{"line":225,"column":5}},"43":{"start":{"line":223,"column":6},"end":{"line":223,"column":79}},"44":{"start":{"line":224,"column":6},"end":{"line":224,"column":79}},"45":{"start":{"line":228,"column":4},"end":{"line":243,"column":7}},"46":{"start":{"line":229,"column":24},"end":{"line":229,"column":50}},"47":{"start":{"line":230,"column":6},"end":{"line":230,"column":41}},"48":{"start":{"line":231,"column":6},"end":{"line":231,"column":69}},"49":{"start":{"line":232,"column":6},"end":{"line":232,"column":34}},"50":{"start":{"line":233,"column":6},"end":{"line":233,"column":49}},"51":{"start":{"line":234,"column":6},"end":{"line":234,"column":54}},"52":{"start":{"line":235,"column":6},"end":{"line":235,"column":62}},"53":{"start":{"line":236,"column":6},"end":{"line":236,"column":51}},"54":{"start":{"line":237,"column":6},"end":{"line":237,"column":34}},"55":{"start":{"line":238,"column":6},"end":{"line":238,"column":75}},"56":{"start":{"line":239,"column":6},"end":{"line":239,"column":83}},"57":{"start":{"line":240,"column":6},"end":{"line":240,"column":35}},"58":{"start":{"line":241,"column":6},"end":{"line":241,"column":34}},"59":{"start":{"line":242,"column":6},"end":{"line":242,"column":60}},"60":{"start":{"line":245,"column":4},"end":{"line":245,"column":54}},"61":{"start":{"line":246,"column":4},"end":{"line":246,"column":20}},"62":{"start":{"line":251,"column":0},"end":{"line":253,"column":1}},"63":{"start":{"line":252,"column":2},"end":{"line":252,"column":16}},"64":{"start":{"line":255,"column":0},"end":{"line":255,"column":21}}},"fnMap":{"0":{"name":"(anonymous_0)","decl":{"start":{"line":27,"column":16},"end":{"line":27,"column":17}},"loc":{"start":{"line":27,"column":30},"end":{"line":33,"column":1}},"line":27},"1":{"name":"(anonymous_1)","decl":{"start":{"line":48,"column":13},"end":{"line":48,"column":14}},"loc":{"start":{"line":48,"column":27},"end":{"line":192,"column":1}},"line":48},"2":{"name":"(anonymous_2)","decl":{"start":{"line":194,"column":23},"end":{"line":194,"column":24}},"loc":{"start":{"line":194,"column":37},"end":{"line":196,"column":1}},"line":194},"3":{"name":"(anonymous_3)","decl":{"start":{"line":198,"column":8},"end":{"line":198,"column":9}},"loc":{"start":{"line":198,"column":22},"end":{"line":200,"column":1}},"line":198},"4":{"name":"(anonymous_4)","decl":{"start":{"line":202,"column":8},"end":{"line":202,"column":9}},"loc":{"start":{"line":202,"column":34},"end":{"line":208,"column":1}},"line":202},"5":{"name":"startServer","decl":{"start":{"line":211,"column":15},"end":{"line":211,"column":26}},"loc":{"start":{"line":211,"column":29},"end":{"line":248,"column":1}},"line":211},"6":{"name":"(anonymous_6)","decl":{"start":{"line":228,"column":21},"end":{"line":228,"column":22}},"loc":{"start":{"line":228,"column":27},"end":{"line":243,"column":5}},"line":228}},"branchMap":{"0":{"loc":{"start":{"line":10,"column":0},"end":{"line":14,"column":1}},"type":"if","locations":[{"start":{"line":10,"column":0},"end":{"line":14,"column":1}},{"start":{},"end":{}}],"line":10},"1":{"loc":{"start":{"line":17,"column":13},"end":{"line":17,"column":37}},"type":"binary-expr","locations":[{"start":{"line":17,"column":13},"end":{"line":17,"column":29}},{"start":{"line":17,"column":33},"end":{"line":17,"column":37}}],"line":17},"2":{"loc":{"start":{"line":206,"column":13},"end":{"line":206,"column":77}},"type":"cond-expr","locations":[{"start":{"line":206,"column":54},"end":{"line":206,"column":65}},{"start":{"line":206,"column":68},"end":{"line":206,"column":77}}],"line":206},"3":{"loc":{"start":{"line":214,"column":4},"end":{"line":217,"column":5}},"type":"if","locations":[{"start":{"line":214,"column":4},"end":{"line":217,"column":5}},{"start":{},"end":{}}],"line":214},"4":{"loc":{"start":{"line":222,"column":4},"end":{"line":225,"column":5}},"type":"if","locations":[{"start":{"line":222,"column":4},"end":{"line":225,"column":5}},{"start":{},"end":{}}],"line":222},"5":{"loc":{"start":{"line":238,"column":34},"end":{"line":238,"column":71}},"type":"binary-expr","locations":[{"start":{"line":238,"column":34},"end":{"line":238,"column":54}},{"start":{"line":238,"column":58},"end":{"line":238,"column":71}}],"line":238},"6":{"loc":{"start":{"line":239,"column":39},"end":{"line":239,"column":79}},"type":"cond-expr","locations":[{"start":{"line":239,"column":49},"end":{"line":239,"column":58}},{"start":{"line":239,"column":61},"end":{"line":239,"column":79}}],"line":239},"7":{"loc":{"start":{"line":251,"column":0},"end":{"line":253,"column":1}},"type":"if","locations":[{"start":{"line":251,"column":0},"end":{"line":253,"column":1}},{"start":{},"end":{}}],"line":251}},"s":{"0":1,"1":1,"2":1,"3":1,"4":1,"5":1,"6":0,"7":0,"8":0,"9":1,"10":1,"11":1,"12":1,"13":1,"14":1,"15":1,"16":1,"17":1,"18":1,"19":1,"20":1,"21":1,"22":1,"23":1,"24":1,"25":1,"26":1,"27":1,"28":1,"29":1,"30":1,"31":1,"32":1,"33":1,"34":1,"35":0,"36":0,"37":0,"38":0,"39":0,"40":0,"41":0,"42":0,"43":0,"44":0,"45":0,"46":0,"47":0,"48":0,"49":0,"50":0,"51":0,"52":0,"53":0,"54":0,"55":0,"56":0,"57":0,"58":0,"59":0,"60":0,"61":0,"62":1,"63":0,"64":1},"f":{"0":1,"1":1,"2":1,"3":1,"4":0,"5":0,"6":0},"b":{"0":[0,1],"1":[1,0],"2":[0,0],"3":[0,0],"4":[0,0],"5":[0,0],"6":[0,0],"7":[0,1]},"_coverageSchema":"1a1c01bbd47fc00a2c39e90264f33305004495a9","hash":"a2d19805f56363211de3b0efe5f2f8a0bdd0c59b"}
,"F:\\My Projects~\\LivUpp\\Back-end\\src\\config\\database.js": {"path":"F:\\My Projects~\\LivUpp\\Back-end\\src\\config\\database.js","statementMap":{"0":{"start":{"line":1,"column":14},"end":{"line":1,"column":39}},"1":{"start":{"line":2,"column":0},"end":{"line":2,"column":27}},"2":{"start":{"line":5,"column":31},"end":{"line":5,"column":56}},"3":{"start":{"line":8,"column":17},"end":{"line":18,"column":1}},"4":{"start":{"line":21,"column":13},"end":{"line":21,"column":39}},"5":{"start":{"line":24,"column":20},"end":{"line":24,"column":25}},"6":{"start":{"line":26,"column":2},"end":{"line":33,"column":3}},"7":{"start":{"line":27,"column":4},"end":{"line":32,"column":5}},"8":{"start":{"line":28,"column":6},"end":{"line":28,"column":33}},"9":{"start":{"line":29,"column":6},"end":{"line":29,"column":27}},"10":{"start":{"line":31,"column":6},"end":{"line":31,"column":74}},"11":{"start":{"line":38,"column":2},"end":{"line":59,"column":3}},"12":{"start":{"line":39,"column":4},"end":{"line":39,"column":58}},"13":{"start":{"line":40,"column":4},"end":{"line":40,"column":31}},"14":{"start":{"line":41,"column":4},"end":{"line":41,"column":54}},"15":{"start":{"line":44,"column":33},"end":{"line":44,"column":69}},"16":{"start":{"line":45,"column":4},"end":{"line":45,"column":27}},"17":{"start":{"line":46,"column":4},"end":{"line":46,"column":16}},"18":{"start":{"line":48,"column":4},"end":{"line":53,"column":7}},"19":{"start":{"line":56,"column":33},"end":{"line":56,"column":69}},"20":{"start":{"line":57,"column":4},"end":{"line":57,"column":35}},"21":{"start":{"line":58,"column":4},"end":{"line":58,"column":17}},"22":{"start":{"line":63,"column":0},"end":{"line":85,"column":1}},"23":{"start":{"line":65,"column":2},"end":{"line":82,"column":7}},"24":{"start":{"line":68,"column":6},"end":{"line":68,"column":61}},"25":{"start":{"line":69,"column":6},"end":{"line":69,"column":27}},"26":{"start":{"line":71,"column":6},"end":{"line":71,"column":40}},"27":{"start":{"line":74,"column":6},"end":{"line":74,"column":62}},"28":{"start":{"line":75,"column":6},"end":{"line":75,"column":89}},"29":{"start":{"line":77,"column":6},"end":{"line":81,"column":7}},"30":{"start":{"line":78,"column":8},"end":{"line":78,"column":42}},"31":{"start":{"line":80,"column":8},"end":{"line":80,"column":78}},"32":{"start":{"line":84,"column":2},"end":{"line":84,"column":70}},"33":{"start":{"line":88,"column":14},"end":{"line":95,"column":1}},"34":{"start":{"line":89,"column":2},"end":{"line":94,"column":3}},"35":{"start":{"line":90,"column":22},"end":{"line":90,"column":53}},"36":{"start":{"line":91,"column":4},"end":{"line":91,"column":42}},"37":{"start":{"line":93,"column":4},"end":{"line":93,"column":33}},"38":{"start":{"line":98,"column":17},"end":{"line":104,"column":1}},"39":{"start":{"line":99,"column":26},"end":{"line":99,"column":50}},"40":{"start":{"line":100,"column":2},"end":{"line":102,"column":3}},"41":{"start":{"line":101,"column":4},"end":{"line":101,"column":33}},"42":{"start":{"line":103,"column":2},"end":{"line":103,"column":73}},"43":{"start":{"line":107,"column":20},"end":{"line":141,"column":1}},"44":{"start":{"line":108,"column":21},"end":{"line":108,"column":47}},"45":{"start":{"line":109,"column":2},"end":{"line":140,"column":3}},"46":{"start":{"line":110,"column":4},"end":{"line":110,"column":40}},"47":{"start":{"line":113,"column":20},"end":{"line":120,"column":5}},"48":{"start":{"line":114,"column":6},"end":{"line":119,"column":7}},"49":{"start":{"line":115,"column":26},"end":{"line":115,"column":63}},"50":{"start":{"line":116,"column":8},"end":{"line":116,"column":46}},"51":{"start":{"line":118,"column":8},"end":{"line":118,"column":37}},"52":{"start":{"line":122,"column":23},"end":{"line":128,"column":5}},"53":{"start":{"line":123,"column":30},"end":{"line":123,"column":56}},"54":{"start":{"line":124,"column":6},"end":{"line":126,"column":7}},"55":{"start":{"line":125,"column":8},"end":{"line":125,"column":37}},"56":{"start":{"line":127,"column":6},"end":{"line":127,"column":77}},"57":{"start":{"line":131,"column":19},"end":{"line":131,"column":75}},"58":{"start":{"line":133,"column":4},"end":{"line":133,"column":30}},"59":{"start":{"line":134,"column":4},"end":{"line":134,"column":41}},"60":{"start":{"line":136,"column":4},"end":{"line":136,"column":32}},"61":{"start":{"line":137,"column":4},"end":{"line":137,"column":33}},"62":{"start":{"line":139,"column":4},"end":{"line":139,"column":25}},"63":{"start":{"line":143,"column":0},"end":{"line":149,"column":2}}},"fnMap":{"0":{"name":"ensureDatabaseInitialized","decl":{"start":{"line":25,"column":15},"end":{"line":25,"column":40}},"loc":{"start":{"line":25,"column":43},"end":{"line":34,"column":1}},"line":25},"1":{"name":"initializeDatabaseWithGate","decl":{"start":{"line":37,"column":15},"end":{"line":37,"column":41}},"loc":{"start":{"line":37,"column":44},"end":{"line":60,"column":1}},"line":37},"2":{"name":"(anonymous_2)","decl":{"start":{"line":67,"column":10},"end":{"line":67,"column":11}},"loc":{"start":{"line":67,"column":32},"end":{"line":72,"column":5}},"line":67},"3":{"name":"(anonymous_3)","decl":{"start":{"line":73,"column":11},"end":{"line":73,"column":12}},"loc":{"start":{"line":73,"column":26},"end":{"line":82,"column":5}},"line":73},"4":{"name":"(anonymous_4)","decl":{"start":{"line":88,"column":14},"end":{"line":88,"column":15}},"loc":{"start":{"line":88,"column":42},"end":{"line":95,"column":1}},"line":88},"5":{"name":"(anonymous_5)","decl":{"start":{"line":98,"column":17},"end":{"line":98,"column":18}},"loc":{"start":{"line":98,"column":45},"end":{"line":104,"column":1}},"line":98},"6":{"name":"(anonymous_6)","decl":{"start":{"line":107,"column":20},"end":{"line":107,"column":21}},"loc":{"start":{"line":107,"column":40},"end":{"line":141,"column":1}},"line":107},"7":{"name":"(anonymous_7)","decl":{"start":{"line":113,"column":20},"end":{"line":113,"column":21}},"loc":{"start":{"line":113,"column":48},"end":{"line":120,"column":5}},"line":113},"8":{"name":"(anonymous_8)","decl":{"start":{"line":122,"column":23},"end":{"line":122,"column":24}},"loc":{"start":{"line":122,"column":51},"end":{"line":128,"column":5}},"line":122}},"branchMap":{"0":{"loc":{"start":{"line":9,"column":8},"end":{"line":9,"column":42}},"type":"binary-expr","locations":[{"start":{"line":9,"column":8},"end":{"line":9,"column":27}},{"start":{"line":9,"column":31},"end":{"line":9,"column":42}}],"line":9},"1":{"loc":{"start":{"line":10,"column":8},"end":{"line":10,"column":37}},"type":"binary-expr","locations":[{"start":{"line":10,"column":8},"end":{"line":10,"column":27}},{"start":{"line":10,"column":31},"end":{"line":10,"column":37}}],"line":10},"2":{"loc":{"start":{"line":11,"column":12},"end":{"line":11,"column":41}},"type":"binary-expr","locations":[{"start":{"line":11,"column":12},"end":{"line":11,"column":35}},{"start":{"line":11,"column":39},"end":{"line":11,"column":41}}],"line":11},"3":{"loc":{"start":{"line":12,"column":12},"end":{"line":12,"column":48}},"type":"binary-expr","locations":[{"start":{"line":12,"column":12},"end":{"line":12,"column":31}},{"start":{"line":12,"column":35},"end":{"line":12,"column":48}}],"line":12},"4":{"loc":{"start":{"line":26,"column":2},"end":{"line":33,"column":3}},"type":"if","locations":[{"start":{"line":26,"column":2},"end":{"line":33,"column":3}},{"start":{},"end":{}}],"line":26},"5":{"loc":{"start":{"line":63,"column":0},"end":{"line":85,"column":1}},"type":"if","locations":[{"start":{"line":63,"column":0},"end":{"line":85,"column":1}},{"start":{"line":83,"column":7},"end":{"line":85,"column":1}}],"line":63},"6":{"loc":{"start":{"line":88,"column":26},"end":{"line":88,"column":37}},"type":"default-arg","locations":[{"start":{"line":88,"column":35},"end":{"line":88,"column":37}}],"line":88},"7":{"loc":{"start":{"line":98,"column":29},"end":{"line":98,"column":40}},"type":"default-arg","locations":[{"start":{"line":98,"column":38},"end":{"line":98,"column":40}}],"line":98},"8":{"loc":{"start":{"line":100,"column":2},"end":{"line":102,"column":3}},"type":"if","locations":[{"start":{"line":100,"column":2},"end":{"line":102,"column":3}},{"start":{},"end":{}}],"line":100},"9":{"loc":{"start":{"line":103,"column":17},"end":{"line":103,"column":57}},"type":"cond-expr","locations":[{"start":{"line":103,"column":43},"end":{"line":103,"column":50}},{"start":{"line":103,"column":53},"end":{"line":103,"column":57}}],"line":103},"10":{"loc":{"start":{"line":103,"column":17},"end":{"line":103,"column":40}},"type":"binary-expr","locations":[{"start":{"line":103,"column":17},"end":{"line":103,"column":21}},{"start":{"line":103,"column":25},"end":{"line":103,"column":40}}],"line":103},"11":{"loc":{"start":{"line":113,"column":32},"end":{"line":113,"column":43}},"type":"default-arg","locations":[{"start":{"line":113,"column":41},"end":{"line":113,"column":43}}],"line":113},"12":{"loc":{"start":{"line":122,"column":35},"end":{"line":122,"column":46}},"type":"default-arg","locations":[{"start":{"line":122,"column":44},"end":{"line":122,"column":46}}],"line":122},"13":{"loc":{"start":{"line":124,"column":6},"end":{"line":126,"column":7}},"type":"if","locations":[{"start":{"line":124,"column":6},"end":{"line":126,"column":7}},{"start":{},"end":{}}],"line":124},"14":{"loc":{"start":{"line":127,"column":21},"end":{"line":127,"column":61}},"type":"cond-expr","locations":[{"start":{"line":127,"column":47},"end":{"line":127,"column":54}},{"start":{"line":127,"column":57},"end":{"line":127,"column":61}}],"line":127},"15":{"loc":{"start":{"line":127,"column":21},"end":{"line":127,"column":44}},"type":"binary-expr","locations":[{"start":{"line":127,"column":21},"end":{"line":127,"column":25}},{"start":{"line":127,"column":29},"end":{"line":127,"column":44}}],"line":127}},"s":{"0":0,"1":0,"2":0,"3":0,"4":0,"5":0,"6":0,"7":0,"8":0,"9":0,"10":0,"11":0,"12":0,"13":0,"14":0,"15":0,"16":0,"17":0,"18":0,"19":0,"20":0,"21":0,"22":0,"23":0,"24":0,"25":0,"26":0,"27":0,"28":0,"29":0,"30":0,"31":0,"32":0,"33":0,"34":0,"35":0,"36":0,"37":0,"38":0,"39":0,"40":0,"41":0,"42":0,"43":0,"44":0,"45":0,"46":0,"47":0,"48":0,"49":0,"50":0,"51":0,"52":0,"53":0,"54":0,"55":0,"56":0,"57":0,"58":0,"59":0,"60":0,"61":0,"62":0,"63":0},"f":{"0":0,"1":0,"2":0,"3":0,"4":0,"5":0,"6":0,"7":0,"8":0},"b":{"0":[0,0],"1":[0,0],"2":[0,0],"3":[0,0],"4":[0,0],"5":[0,0],"6":[0],"7":[0],"8":[0,0],"9":[0,0],"10":[0,0],"11":[0],"12":[0],"13":[0,0],"14":[0,0],"15":[0,0]}}
,"F:\\My Projects~\\LivUpp\\Back-end\\src\\controllers\\authController.js": {"path":"F:\\My Projects~\\LivUpp\\Back-end\\src\\controllers\\authController.js","statementMap":{"0":{"start":{"line":1,"column":15},"end":{"line":1,"column":34}},"1":{"start":{"line":2,"column":12},"end":{"line":2,"column":35}},"2":{"start":{"line":3,"column":34},"end":{"line":3,"column":63}},"3":{"start":{"line":5,"column":17},"end":{"line":89,"column":1}},"4":{"start":{"line":6,"column":2},"end":{"line":88,"column":3}},"5":{"start":{"line":7,"column":63},"end":{"line":7,"column":71}},"6":{"start":{"line":9,"column":4},"end":{"line":11,"column":5}},"7":{"start":{"line":10,"column":6},"end":{"line":10,"column":83}},"8":{"start":{"line":13,"column":4},"end":{"line":15,"column":5}},"9":{"start":{"line":14,"column":6},"end":{"line":14,"column":93}},"10":{"start":{"line":18,"column":35},"end":{"line":18,"column":104}},"11":{"start":{"line":19,"column":4},"end":{"line":21,"column":5}},"12":{"start":{"line":20,"column":6},"end":{"line":20,"column":72}},"13":{"start":{"line":24,"column":4},"end":{"line":29,"column":5}},"14":{"start":{"line":25,"column":38},"end":{"line":25,"column":101}},"15":{"start":{"line":26,"column":6},"end":{"line":28,"column":7}},"16":{"start":{"line":27,"column":8},"end":{"line":27,"column":71}},"17":{"start":{"line":31,"column":27},"end":{"line":31,"column":58}},"18":{"start":{"line":34,"column":45},"end":{"line":68,"column":6}},"19":{"start":{"line":36,"column":55},"end":{"line":39,"column":7}},"20":{"start":{"line":41,"column":6},"end":{"line":43,"column":7}},"21":{"start":{"line":42,"column":8},"end":{"line":42,"column":71}},"22":{"start":{"line":45,"column":24},"end":{"line":45,"column":45}},"23":{"start":{"line":48,"column":38},"end":{"line":51,"column":7}},"24":{"start":{"line":53,"column":6},"end":{"line":55,"column":7}},"25":{"start":{"line":54,"column":8},"end":{"line":54,"column":82}},"26":{"start":{"line":58,"column":39},"end":{"line":61,"column":7}},"27":{"start":{"line":63,"column":6},"end":{"line":65,"column":7}},"28":{"start":{"line":64,"column":8},"end":{"line":64,"column":84}},"29":{"start":{"line":67,"column":6},"end":{"line":67,"column":23}},"30":{"start":{"line":70,"column":4},"end":{"line":72,"column":5}},"31":{"start":{"line":71,"column":6},"end":{"line":71,"column":98}},"32":{"start":{"line":75,"column":30},"end":{"line":75,"column":90}},"33":{"start":{"line":77,"column":18},"end":{"line":79,"column":6}},"34":{"start":{"line":81,"column":4},"end":{"line":85,"column":7}},"35":{"start":{"line":87,"column":4},"end":{"line":87,"column":76}},"36":{"start":{"line":91,"column":14},"end":{"line":139,"column":1}},"37":{"start":{"line":92,"column":2},"end":{"line":138,"column":3}},"38":{"start":{"line":93,"column":35},"end":{"line":93,"column":43}},"39":{"start":{"line":95,"column":4},"end":{"line":97,"column":5}},"40":{"start":{"line":96,"column":6},"end":{"line":96,"column":83}},"41":{"start":{"line":101,"column":59},"end":{"line":103,"column":6}},"42":{"start":{"line":105,"column":4},"end":{"line":117,"column":5}},"43":{"start":{"line":106,"column":6},"end":{"line":106,"column":28}},"44":{"start":{"line":109,"column":55},"end":{"line":111,"column":8}},"45":{"start":{"line":112,"column":6},"end":{"line":116,"column":7}},"46":{"start":{"line":113,"column":8},"end":{"line":113,"column":27}},"47":{"start":{"line":115,"column":8},"end":{"line":115,"column":44}},"48":{"start":{"line":119,"column":4},"end":{"line":121,"column":5}},"49":{"start":{"line":120,"column":6},"end":{"line":120,"column":68}},"50":{"start":{"line":123,"column":28},"end":{"line":123,"column":78}},"51":{"start":{"line":125,"column":4},"end":{"line":127,"column":5}},"52":{"start":{"line":126,"column":6},"end":{"line":126,"column":68}},"53":{"start":{"line":129,"column":18},"end":{"line":129,"column":118}},"54":{"start":{"line":131,"column":4},"end":{"line":135,"column":7}},"55":{"start":{"line":137,"column":4},"end":{"line":137,"column":76}},"56":{"start":{"line":141,"column":19},"end":{"line":162,"column":1}},"57":{"start":{"line":142,"column":2},"end":{"line":161,"column":3}},"58":{"start":{"line":143,"column":19},"end":{"line":143,"column":34}},"59":{"start":{"line":145,"column":27},"end":{"line":148,"column":5}},"60":{"start":{"line":149,"column":4},"end":{"line":151,"column":5}},"61":{"start":{"line":150,"column":6},"end":{"line":150,"column":63}},"62":{"start":{"line":153,"column":30},"end":{"line":153,"column":103}},"63":{"start":{"line":154,"column":4},"end":{"line":156,"column":5}},"64":{"start":{"line":155,"column":6},"end":{"line":155,"column":66}},"65":{"start":{"line":158,"column":4},"end":{"line":158,"column":44}},"66":{"start":{"line":160,"column":4},"end":{"line":160,"column":76}},"67":{"start":{"line":164,"column":0},"end":{"line":164,"column":49}}},"fnMap":{"0":{"name":"(anonymous_0)","decl":{"start":{"line":5,"column":17},"end":{"line":5,"column":18}},"loc":{"start":{"line":5,"column":37},"end":{"line":89,"column":1}},"line":5},"1":{"name":"(anonymous_1)","decl":{"start":{"line":34,"column":63},"end":{"line":34,"column":64}},"loc":{"start":{"line":34,"column":77},"end":{"line":68,"column":5}},"line":34},"2":{"name":"(anonymous_2)","decl":{"start":{"line":91,"column":14},"end":{"line":91,"column":15}},"loc":{"start":{"line":91,"column":34},"end":{"line":139,"column":1}},"line":91},"3":{"name":"(anonymous_3)","decl":{"start":{"line":141,"column":19},"end":{"line":141,"column":20}},"loc":{"start":{"line":141,"column":39},"end":{"line":162,"column":1}},"line":141}},"branchMap":{"0":{"loc":{"start":{"line":7,"column":39},"end":{"line":7,"column":58}},"type":"default-arg","locations":[{"start":{"line":7,"column":53},"end":{"line":7,"column":58}}],"line":7},"1":{"loc":{"start":{"line":9,"column":4},"end":{"line":11,"column":5}},"type":"if","locations":[{"start":{"line":9,"column":4},"end":{"line":11,"column":5}},{"start":{},"end":{}}],"line":9},"2":{"loc":{"start":{"line":9,"column":8},"end":{"line":9,"column":30}},"type":"binary-expr","locations":[{"start":{"line":9,"column":8},"end":{"line":9,"column":17}},{"start":{"line":9,"column":21},"end":{"line":9,"column":30}}],"line":9},"3":{"loc":{"start":{"line":13,"column":4},"end":{"line":15,"column":5}},"type":"if","locations":[{"start":{"line":13,"column":4},"end":{"line":15,"column":5}},{"start":{},"end":{}}],"line":13},"4":{"loc":{"start":{"line":13,"column":8},"end":{"line":13,"column":30}},"type":"binary-expr","locations":[{"start":{"line":13,"column":8},"end":{"line":13,"column":20}},{"start":{"line":13,"column":24},"end":{"line":13,"column":30}}],"line":13},"5":{"loc":{"start":{"line":19,"column":4},"end":{"line":21,"column":5}},"type":"if","locations":[{"start":{"line":19,"column":4},"end":{"line":21,"column":5}},{"start":{},"end":{}}],"line":19},"6":{"loc":{"start":{"line":24,"column":4},"end":{"line":29,"column":5}},"type":"if","locations":[{"start":{"line":24,"column":4},"end":{"line":29,"column":5}},{"start":{},"end":{}}],"line":24},"7":{"loc":{"start":{"line":26,"column":6},"end":{"line":28,"column":7}},"type":"if","locations":[{"start":{"line":26,"column":6},"end":{"line":28,"column":7}},{"start":{},"end":{}}],"line":26},"8":{"loc":{"start":{"line":38,"column":9},"end":{"line":38,"column":22}},"type":"binary-expr","locations":[{"start":{"line":38,"column":9},"end":{"line":38,"column":14}},{"start":{"line":38,"column":18},"end":{"line":38,"column":22}}],"line":38},"9":{"loc":{"start":{"line":41,"column":6},"end":{"line":43,"column":7}},"type":"if","locations":[{"start":{"line":41,"column":6},"end":{"line":43,"column":7}},{"start":{},"end":{}}],"line":41},"10":{"loc":{"start":{"line":53,"column":6},"end":{"line":55,"column":7}},"type":"if","locations":[{"start":{"line":53,"column":6},"end":{"line":55,"column":7}},{"start":{},"end":{}}],"line":53},"11":{"loc":{"start":{"line":63,"column":6},"end":{"line":65,"column":7}},"type":"if","locations":[{"start":{"line":63,"column":6},"end":{"line":65,"column":7}},{"start":{},"end":{}}],"line":63},"12":{"loc":{"start":{"line":70,"column":4},"end":{"line":72,"column":5}},"type":"if","locations":[{"start":{"line":70,"column":4},"end":{"line":72,"column":5}},{"start":{},"end":{}}],"line":70},"13":{"loc":{"start":{"line":95,"column":4},"end":{"line":97,"column":5}},"type":"if","locations":[{"start":{"line":95,"column":4},"end":{"line":97,"column":5}},{"start":{},"end":{}}],"line":95},"14":{"loc":{"start":{"line":95,"column":8},"end":{"line":95,"column":30}},"type":"binary-expr","locations":[{"start":{"line":95,"column":8},"end":{"line":95,"column":17}},{"start":{"line":95,"column":21},"end":{"line":95,"column":30}}],"line":95},"15":{"loc":{"start":{"line":105,"column":4},"end":{"line":117,"column":5}},"type":"if","locations":[{"start":{"line":105,"column":4},"end":{"line":117,"column":5}},{"start":{"line":107,"column":11},"end":{"line":117,"column":5}}],"line":105},"16":{"loc":{"start":{"line":112,"column":6},"end":{"line":116,"column":7}},"type":"if","locations":[{"start":{"line":112,"column":6},"end":{"line":116,"column":7}},{"start":{"line":114,"column":13},"end":{"line":116,"column":7}}],"line":112},"17":{"loc":{"start":{"line":115,"column":16},"end":{"line":115,"column":43}},"type":"binary-expr","locations":[{"start":{"line":115,"column":16},"end":{"line":115,"column":26}},{"start":{"line":115,"column":30},"end":{"line":115,"column":43}}],"line":115},"18":{"loc":{"start":{"line":119,"column":4},"end":{"line":121,"column":5}},"type":"if","locations":[{"start":{"line":119,"column":4},"end":{"line":121,"column":5}},{"start":{},"end":{}}],"line":119},"19":{"loc":{"start":{"line":119,"column":8},"end":{"line":119,"column":22}},"type":"binary-expr","locations":[{"start":{"line":119,"column":8},"end":{"line":119,"column":13}},{"start":{"line":119,"column":17},"end":{"line":119,"column":22}}],"line":119},"20":{"loc":{"start":{"line":125,"column":4},"end":{"line":127,"column":5}},"type":"if","locations":[{"start":{"line":125,"column":4},"end":{"line":127,"column":5}},{"start":{},"end":{}}],"line":125},"21":{"loc":{"start":{"line":149,"column":4},"end":{"line":151,"column":5}},"type":"if","locations":[{"start":{"line":149,"column":4},"end":{"line":151,"column":5}},{"start":{},"end":{}}],"line":149},"22":{"loc":{"start":{"line":154,"column":4},"end":{"line":156,"column":5}},"type":"if","locations":[{"start":{"line":154,"column":4},"end":{"line":156,"column":5}},{"start":{},"end":{}}],"line":154}},"s":{"0":2,"1":2,"2":2,"3":2,"4":3,"5":3,"6":3,"7":1,"8":2,"9":0,"10":2,"11":2,"12":1,"13":1,"14":1,"15":1,"16":0,"17":1,"18":1,"19":0,"20":0,"21":0,"22":0,"23":0,"24":0,"25":0,"26":0,"27":0,"28":0,"29":0,"30":1,"31":0,"32":1,"33":1,"34":1,"35":0,"36":2,"37":3,"38":3,"39":3,"40":1,"41":2,"42":2,"43":2,"44":0,"45":0,"46":0,"47":0,"48":2,"49":0,"50":2,"51":2,"52":1,"53":1,"54":1,"55":0,"56":2,"57":2,"58":2,"59":2,"60":2,"61":1,"62":1,"63":1,"64":0,"65":1,"66":0,"67":2},"f":{"0":3,"1":0,"2":3,"3":2},"b":{"0":[3],"1":[1,2],"2":[3,2],"3":[0,2],"4":[2,2],"5":[1,1],"6":[1,0],"7":[0,1],"8":[0,0],"9":[0,0],"10":[0,0],"11":[0,0],"12":[0,1],"13":[1,2],"14":[3,3],"15":[2,0],"16":[0,0],"17":[0,0],"18":[0,2],"19":[2,2],"20":[1,1],"21":[1,1],"22":[0,1]},"_coverageSchema":"1a1c01bbd47fc00a2c39e90264f33305004495a9","hash":"5f5cc1dfbf6a0cebc8a5a8a3dd3af28a0c0471d3"}
,"F:\\My Projects~\\LivUpp\\Back-end\\src\\controllers\\contentController.js": {"path":"F:\\My Projects~\\LivUpp\\Back-end\\src\\controllers\\contentController.js","statementMap":{"0":{"start":{"line":1,"column":18},"end":{"line":1,"column":47}},"1":{"start":{"line":3,"column":29},"end":{"line":25,"column":1}},"2":{"start":{"line":4,"column":2},"end":{"line":24,"column":3}},"3":{"start":{"line":5,"column":25},"end":{"line":5,"column":34}},"4":{"start":{"line":6,"column":14},"end":{"line":6,"column":69}},"5":{"start":{"line":7,"column":19},"end":{"line":7,"column":21}},"6":{"start":{"line":9,"column":4},"end":{"line":12,"column":5}},"7":{"start":{"line":10,"column":6},"end":{"line":10,"column":33}},"8":{"start":{"line":11,"column":6},"end":{"line":11,"column":28}},"9":{"start":{"line":14,"column":21},"end":{"line":14,"column":45}},"10":{"start":{"line":16,"column":4},"end":{"line":18,"column":5}},"11":{"start":{"line":17,"column":6},"end":{"line":17,"column":64}},"12":{"start":{"line":20,"column":24},"end":{"line":20,"column":69}},"13":{"start":{"line":21,"column":4},"end":{"line":21,"column":49}},"14":{"start":{"line":23,"column":4},"end":{"line":23,"column":76}},"15":{"start":{"line":27,"column":31},"end":{"line":56,"column":1}},"16":{"start":{"line":28,"column":2},"end":{"line":55,"column":3}},"17":{"start":{"line":29,"column":37},"end":{"line":29,"column":46}},"18":{"start":{"line":30,"column":14},"end":{"line":30,"column":50}},"19":{"start":{"line":31,"column":19},"end":{"line":31,"column":21}},"20":{"start":{"line":33,"column":4},"end":{"line":36,"column":5}},"21":{"start":{"line":34,"column":6},"end":{"line":34,"column":35}},"22":{"start":{"line":35,"column":6},"end":{"line":35,"column":28}},"23":{"start":{"line":39,"column":23},"end":{"line":39,"column":44}},"24":{"start":{"line":40,"column":4},"end":{"line":40,"column":34}},"25":{"start":{"line":42,"column":4},"end":{"line":42,"column":59}},"26":{"start":{"line":43,"column":28},"end":{"line":43,"column":52}},"27":{"start":{"line":45,"column":4},"end":{"line":48,"column":5}},"28":{"start":{"line":46,"column":6},"end":{"line":46,"column":69}},"29":{"start":{"line":47,"column":6},"end":{"line":47,"column":85}},"30":{"start":{"line":50,"column":4},"end":{"line":50,"column":71}},"31":{"start":{"line":51,"column":4},"end":{"line":51,"column":83}},"32":{"start":{"line":53,"column":4},"end":{"line":53,"column":49}},"33":{"start":{"line":54,"column":4},"end":{"line":54,"column":76}},"34":{"start":{"line":58,"column":29},"end":{"line":80,"column":1}},"35":{"start":{"line":59,"column":2},"end":{"line":79,"column":3}},"36":{"start":{"line":60,"column":25},"end":{"line":60,"column":34}},"37":{"start":{"line":61,"column":14},"end":{"line":61,"column":50}},"38":{"start":{"line":62,"column":19},"end":{"line":62,"column":21}},"39":{"start":{"line":64,"column":4},"end":{"line":67,"column":5}},"40":{"start":{"line":65,"column":6},"end":{"line":65,"column":35}},"41":{"start":{"line":66,"column":6},"end":{"line":66,"column":28}},"42":{"start":{"line":69,"column":21},"end":{"line":69,"column":45}},"43":{"start":{"line":71,"column":4},"end":{"line":73,"column":5}},"44":{"start":{"line":72,"column":6},"end":{"line":72,"column":70}},"45":{"start":{"line":75,"column":30},"end":{"line":75,"column":75}},"46":{"start":{"line":76,"column":4},"end":{"line":76,"column":61}},"47":{"start":{"line":78,"column":4},"end":{"line":78,"column":76}},"48":{"start":{"line":82,"column":0},"end":{"line":82,"column":88}}},"fnMap":{"0":{"name":"(anonymous_0)","decl":{"start":{"line":3,"column":29},"end":{"line":3,"column":30}},"loc":{"start":{"line":3,"column":49},"end":{"line":25,"column":1}},"line":3},"1":{"name":"(anonymous_1)","decl":{"start":{"line":27,"column":31},"end":{"line":27,"column":32}},"loc":{"start":{"line":27,"column":51},"end":{"line":56,"column":1}},"line":27},"2":{"name":"(anonymous_2)","decl":{"start":{"line":58,"column":29},"end":{"line":58,"column":30}},"loc":{"start":{"line":58,"column":49},"end":{"line":80,"column":1}},"line":58}},"branchMap":{"0":{"loc":{"start":{"line":9,"column":4},"end":{"line":12,"column":5}},"type":"if","locations":[{"start":{"line":9,"column":4},"end":{"line":12,"column":5}},{"start":{},"end":{}}],"line":9},"1":{"loc":{"start":{"line":16,"column":4},"end":{"line":18,"column":5}},"type":"if","locations":[{"start":{"line":16,"column":4},"end":{"line":18,"column":5}},{"start":{},"end":{}}],"line":16},"2":{"loc":{"start":{"line":16,"column":8},"end":{"line":16,"column":34}},"type":"binary-expr","locations":[{"start":{"line":16,"column":8},"end":{"line":16,"column":13}},{"start":{"line":16,"column":17},"end":{"line":16,"column":34}}],"line":16},"3":{"loc":{"start":{"line":29,"column":22},"end":{"line":29,"column":32}},"type":"default-arg","locations":[{"start":{"line":29,"column":30},"end":{"line":29,"column":32}}],"line":29},"4":{"loc":{"start":{"line":33,"column":4},"end":{"line":36,"column":5}},"type":"if","locations":[{"start":{"line":33,"column":4},"end":{"line":36,"column":5}},{"start":{},"end":{}}],"line":33},"5":{"loc":{"start":{"line":39,"column":23},"end":{"line":39,"column":44}},"type":"binary-expr","locations":[{"start":{"line":39,"column":23},"end":{"line":39,"column":38}},{"start":{"line":39,"column":42},"end":{"line":39,"column":44}}],"line":39},"6":{"loc":{"start":{"line":45,"column":4},"end":{"line":48,"column":5}},"type":"if","locations":[{"start":{"line":45,"column":4},"end":{"line":48,"column":5}},{"start":{},"end":{}}],"line":45},"7":{"loc":{"start":{"line":50,"column":36},"end":{"line":50,"column":46}},"type":"binary-expr","locations":[{"start":{"line":50,"column":36},"end":{"line":50,"column":40}},{"start":{"line":50,"column":44},"end":{"line":50,"column":46}}],"line":50},"8":{"loc":{"start":{"line":51,"column":41},"end":{"line":51,"column":51}},"type":"binary-expr","locations":[{"start":{"line":51,"column":41},"end":{"line":51,"column":45}},{"start":{"line":51,"column":49},"end":{"line":51,"column":51}}],"line":51},"9":{"loc":{"start":{"line":51,"column":61},"end":{"line":51,"column":71}},"type":"binary-expr","locations":[{"start":{"line":51,"column":61},"end":{"line":51,"column":65}},{"start":{"line":51,"column":69},"end":{"line":51,"column":71}}],"line":51},"10":{"loc":{"start":{"line":64,"column":4},"end":{"line":67,"column":5}},"type":"if","locations":[{"start":{"line":64,"column":4},"end":{"line":67,"column":5}},{"start":{},"end":{}}],"line":64},"11":{"loc":{"start":{"line":71,"column":4},"end":{"line":73,"column":5}},"type":"if","locations":[{"start":{"line":71,"column":4},"end":{"line":73,"column":5}},{"start":{},"end":{}}],"line":71},"12":{"loc":{"start":{"line":71,"column":8},"end":{"line":71,"column":34}},"type":"binary-expr","locations":[{"start":{"line":71,"column":8},"end":{"line":71,"column":13}},{"start":{"line":71,"column":17},"end":{"line":71,"column":34}}],"line":71}},"s":{"0":1,"1":1,"2":0,"3":0,"4":0,"5":0,"6":0,"7":0,"8":0,"9":0,"10":0,"11":0,"12":0,"13":0,"14":0,"15":1,"16":0,"17":0,"18":0,"19":0,"20":0,"21":0,"22":0,"23":0,"24":0,"25":0,"26":0,"27":0,"28":0,"29":0,"30":0,"31":0,"32":0,"33":0,"34":1,"35":0,"36":0,"37":0,"38":0,"39":0,"40":0,"41":0,"42":0,"43":0,"44":0,"45":0,"46":0,"47":0,"48":1},"f":{"0":0,"1":0,"2":0},"b":{"0":[0,0],"1":[0,0],"2":[0,0],"3":[0],"4":[0,0],"5":[0,0],"6":[0,0],"7":[0,0],"8":[0,0],"9":[0,0],"10":[0,0],"11":[0,0],"12":[0,0]},"_coverageSchema":"1a1c01bbd47fc00a2c39e90264f33305004495a9","hash":"c71fa56b7621d7d3d1a0aebcdeb87863281c1f32"}
,"F:\\My Projects~\\LivUpp\\Back-end\\src\\controllers\\conversionController.js": {"path":"F:\\My Projects~\\LivUpp\\Back-end\\src\\controllers\\conversionController.js","statementMap":{"0":{"start":{"line":1,"column":15},"end":{"line":1,"column":34}},"1":{"start":{"line":2,"column":12},"end":{"line":2,"column":35}},"2":{"start":{"line":3,"column":34},"end":{"line":3,"column":63}},"3":{"start":{"line":4,"column":32},"end":{"line":4,"column":70}},"4":{"start":{"line":10,"column":37},"end":{"line":134,"column":1}},"5":{"start":{"line":11,"column":2},"end":{"line":133,"column":3}},"6":{"start":{"line":12,"column":42},"end":{"line":12,"column":50}},"7":{"start":{"line":13,"column":19},"end":{"line":13,"column":34}},"8":{"start":{"line":16,"column":4},"end":{"line":20,"column":5}},"9":{"start":{"line":17,"column":6},"end":{"line":19,"column":9}},"10":{"start":{"line":23,"column":23},"end":{"line":23,"column":51}},"11":{"start":{"line":24,"column":4},"end":{"line":28,"column":5}},"12":{"start":{"line":25,"column":6},"end":{"line":27,"column":9}},"13":{"start":{"line":31,"column":4},"end":{"line":35,"column":5}},"14":{"start":{"line":32,"column":6},"end":{"line":34,"column":9}},"15":{"start":{"line":38,"column":4},"end":{"line":42,"column":5}},"16":{"start":{"line":39,"column":6},"end":{"line":41,"column":9}},"17":{"start":{"line":45,"column":52},"end":{"line":48,"column":5}},"18":{"start":{"line":50,"column":4},"end":{"line":52,"column":5}},"19":{"start":{"line":51,"column":6},"end":{"line":51,"column":63}},"20":{"start":{"line":55,"column":4},"end":{"line":59,"column":5}},"21":{"start":{"line":56,"column":6},"end":{"line":58,"column":9}},"22":{"start":{"line":62,"column":36},"end":{"line":62,"column":119}},"23":{"start":{"line":64,"column":4},"end":{"line":68,"column":5}},"24":{"start":{"line":65,"column":6},"end":{"line":67,"column":9}},"25":{"start":{"line":71,"column":39},"end":{"line":74,"column":6}},"26":{"start":{"line":76,"column":4},"end":{"line":80,"column":5}},"27":{"start":{"line":77,"column":6},"end":{"line":79,"column":9}},"28":{"start":{"line":83,"column":27},"end":{"line":83,"column":58}},"29":{"start":{"line":86,"column":31},"end":{"line":100,"column":6}},"30":{"start":{"line":88,"column":37},"end":{"line":93,"column":7}},"31":{"start":{"line":95,"column":6},"end":{"line":97,"column":7}},"32":{"start":{"line":96,"column":8},"end":{"line":96,"column":73}},"33":{"start":{"line":99,"column":6},"end":{"line":99,"column":18}},"34":{"start":{"line":102,"column":4},"end":{"line":108,"column":5}},"35":{"start":{"line":103,"column":6},"end":{"line":103,"column":69}},"36":{"start":{"line":104,"column":6},"end":{"line":107,"column":9}},"37":{"start":{"line":111,"column":4},"end":{"line":111,"column":38}},"38":{"start":{"line":114,"column":18},"end":{"line":114,"column":112}},"39":{"start":{"line":117,"column":4},"end":{"line":126,"column":7}},"40":{"start":{"line":128,"column":4},"end":{"line":128,"column":67}},"41":{"start":{"line":129,"column":4},"end":{"line":132,"column":7}},"42":{"start":{"line":136,"column":0},"end":{"line":138,"column":2}}},"fnMap":{"0":{"name":"(anonymous_0)","decl":{"start":{"line":10,"column":37},"end":{"line":10,"column":38}},"loc":{"start":{"line":10,"column":57},"end":{"line":134,"column":1}},"line":10},"1":{"name":"(anonymous_1)","decl":{"start":{"line":86,"column":49},"end":{"line":86,"column":50}},"loc":{"start":{"line":86,"column":63},"end":{"line":100,"column":5}},"line":86}},"branchMap":{"0":{"loc":{"start":{"line":16,"column":4},"end":{"line":20,"column":5}},"type":"if","locations":[{"start":{"line":16,"column":4},"end":{"line":20,"column":5}},{"start":{},"end":{}}],"line":16},"1":{"loc":{"start":{"line":16,"column":8},"end":{"line":16,"column":40}},"type":"binary-expr","locations":[{"start":{"line":16,"column":8},"end":{"line":16,"column":14}},{"start":{"line":16,"column":18},"end":{"line":16,"column":27}},{"start":{"line":16,"column":31},"end":{"line":16,"column":40}}],"line":16},"2":{"loc":{"start":{"line":24,"column":4},"end":{"line":28,"column":5}},"type":"if","locations":[{"start":{"line":24,"column":4},"end":{"line":28,"column":5}},{"start":{},"end":{}}],"line":24},"3":{"loc":{"start":{"line":31,"column":4},"end":{"line":35,"column":5}},"type":"if","locations":[{"start":{"line":31,"column":4},"end":{"line":35,"column":5}},{"start":{},"end":{}}],"line":31},"4":{"loc":{"start":{"line":38,"column":4},"end":{"line":42,"column":5}},"type":"if","locations":[{"start":{"line":38,"column":4},"end":{"line":42,"column":5}},{"start":{},"end":{}}],"line":38},"5":{"loc":{"start":{"line":50,"column":4},"end":{"line":52,"column":5}},"type":"if","locations":[{"start":{"line":50,"column":4},"end":{"line":52,"column":5}},{"start":{},"end":{}}],"line":50},"6":{"loc":{"start":{"line":50,"column":8},"end":{"line":50,"column":33}},"type":"binary-expr","locations":[{"start":{"line":50,"column":8},"end":{"line":50,"column":17}},{"start":{"line":50,"column":21},"end":{"line":50,"column":33}}],"line":50},"7":{"loc":{"start":{"line":55,"column":4},"end":{"line":59,"column":5}},"type":"if","locations":[{"start":{"line":55,"column":4},"end":{"line":59,"column":5}},{"start":{},"end":{}}],"line":55},"8":{"loc":{"start":{"line":64,"column":4},"end":{"line":68,"column":5}},"type":"if","locations":[{"start":{"line":64,"column":4},"end":{"line":68,"column":5}},{"start":{},"end":{}}],"line":64},"9":{"loc":{"start":{"line":76,"column":4},"end":{"line":80,"column":5}},"type":"if","locations":[{"start":{"line":76,"column":4},"end":{"line":80,"column":5}},{"start":{},"end":{}}],"line":76},"10":{"loc":{"start":{"line":95,"column":6},"end":{"line":97,"column":7}},"type":"if","locations":[{"start":{"line":95,"column":6},"end":{"line":97,"column":7}},{"start":{},"end":{}}],"line":95},"11":{"loc":{"start":{"line":102,"column":4},"end":{"line":108,"column":5}},"type":"if","locations":[{"start":{"line":102,"column":4},"end":{"line":108,"column":5}},{"start":{},"end":{}}],"line":102}},"s":{"0":1,"1":1,"2":1,"3":1,"4":1,"5":0,"6":0,"7":0,"8":0,"9":0,"10":0,"11":0,"12":0,"13":0,"14":0,"15":0,"16":0,"17":0,"18":0,"19":0,"20":0,"21":0,"22":0,"23":0,"24":0,"25":0,"26":0,"27":0,"28":0,"29":0,"30":0,"31":0,"32":0,"33":0,"34":0,"35":0,"36":0,"37":0,"38":0,"39":0,"40":0,"41":0,"42":1},"f":{"0":0,"1":0},"b":{"0":[0,0],"1":[0,0,0],"2":[0,0],"3":[0,0],"4":[0,0],"5":[0,0],"6":[0,0],"7":[0,0],"8":[0,0],"9":[0,0],"10":[0,0],"11":[0,0]},"_coverageSchema":"1a1c01bbd47fc00a2c39e90264f33305004495a9","hash":"80e97d6067df99b93ce579a7a9725bf41a045e53"}
,"F:\\My Projects~\\LivUpp\\Back-end\\src\\controllers\\drinkController.js": {"path":"F:\\My Projects~\\LivUpp\\Back-end\\src\\controllers\\drinkController.js","statementMap":{"0":{"start":{"line":1,"column":28},"end":{"line":1,"column":57}},"1":{"start":{"line":2,"column":53},"end":{"line":2,"column":80}},"2":{"start":{"line":4,"column":17},"end":{"line":69,"column":1}},"3":{"start":{"line":5,"column":2},"end":{"line":68,"column":3}},"4":{"start":{"line":6,"column":19},"end":{"line":6,"column":34}},"5":{"start":{"line":7,"column":43},"end":{"line":7,"column":51}},"6":{"start":{"line":9,"column":4},"end":{"line":11,"column":5}},"7":{"start":{"line":10,"column":6},"end":{"line":10,"column":78}},"8":{"start":{"line":13,"column":17},"end":{"line":13,"column":66}},"9":{"start":{"line":15,"column":34},"end":{"line":18,"column":6}},"10":{"start":{"line":21,"column":4},"end":{"line":41,"column":5}},"11":{"start":{"line":22,"column":6},"end":{"line":26,"column":9}},"12":{"start":{"line":27,"column":35},"end":{"line":27,"column":108}},"13":{"start":{"line":28,"column":6},"end":{"line":28,"column":28}},"14":{"start":{"line":30,"column":57},"end":{"line":33,"column":7}},"15":{"start":{"line":35,"column":6},"end":{"line":37,"column":7}},"16":{"start":{"line":36,"column":8},"end":{"line":36,"column":101}},"17":{"start":{"line":39,"column":31},"end":{"line":39,"column":111}},"18":{"start":{"line":40,"column":6},"end":{"line":40,"column":24}},"19":{"start":{"line":43,"column":30},"end":{"line":45,"column":6}},"20":{"start":{"line":47,"column":26},"end":{"line":47,"column":56}},"21":{"start":{"line":48,"column":27},"end":{"line":48,"column":65}},"22":{"start":{"line":50,"column":30},"end":{"line":50,"column":103}},"23":{"start":{"line":52,"column":26},"end":{"line":52,"column":79}},"24":{"start":{"line":53,"column":25},"end":{"line":53,"column":50}},"25":{"start":{"line":54,"column":27},"end":{"line":54,"column":70}},"26":{"start":{"line":56,"column":4},"end":{"line":59,"column":6}},"27":{"start":{"line":61,"column":4},"end":{"line":65,"column":7}},"28":{"start":{"line":67,"column":4},"end":{"line":67,"column":76}},"29":{"start":{"line":71,"column":21},"end":{"line":109,"column":1}},"30":{"start":{"line":72,"column":2},"end":{"line":108,"column":3}},"31":{"start":{"line":73,"column":19},"end":{"line":73,"column":34}},"32":{"start":{"line":74,"column":47},"end":{"line":74,"column":56}},"33":{"start":{"line":76,"column":4},"end":{"line":76,"column":82}},"34":{"start":{"line":78,"column":14},"end":{"line":78,"column":58}},"35":{"start":{"line":79,"column":19},"end":{"line":79,"column":27}},"36":{"start":{"line":81,"column":4},"end":{"line":84,"column":5}},"37":{"start":{"line":82,"column":6},"end":{"line":82,"column":34}},"38":{"start":{"line":83,"column":6},"end":{"line":83,"column":29}},"39":{"start":{"line":85,"column":4},"end":{"line":88,"column":5}},"40":{"start":{"line":86,"column":6},"end":{"line":86,"column":34}},"41":{"start":{"line":87,"column":6},"end":{"line":87,"column":27}},"42":{"start":{"line":90,"column":4},"end":{"line":90,"column":37}},"43":{"start":{"line":94,"column":27},"end":{"line":94,"column":77}},"44":{"start":{"line":95,"column":4},"end":{"line":95,"column":38}},"45":{"start":{"line":97,"column":4},"end":{"line":97,"column":44}},"46":{"start":{"line":98,"column":4},"end":{"line":98,"column":50}},"47":{"start":{"line":100,"column":28},"end":{"line":100,"column":52}},"48":{"start":{"line":102,"column":4},"end":{"line":102,"column":95}},"49":{"start":{"line":104,"column":4},"end":{"line":104,"column":75}},"50":{"start":{"line":106,"column":4},"end":{"line":106,"column":50}},"51":{"start":{"line":107,"column":4},"end":{"line":107,"column":76}},"52":{"start":{"line":111,"column":23},"end":{"line":127,"column":1}},"53":{"start":{"line":112,"column":2},"end":{"line":126,"column":3}},"54":{"start":{"line":113,"column":19},"end":{"line":113,"column":34}},"55":{"start":{"line":114,"column":22},"end":{"line":114,"column":32}},"56":{"start":{"line":116,"column":26},"end":{"line":116,"column":114}},"57":{"start":{"line":118,"column":4},"end":{"line":120,"column":5}},"58":{"start":{"line":119,"column":6},"end":{"line":119,"column":68}},"59":{"start":{"line":122,"column":4},"end":{"line":122,"column":64}},"60":{"start":{"line":123,"column":4},"end":{"line":123,"column":72}},"61":{"start":{"line":125,"column":4},"end":{"line":125,"column":76}},"62":{"start":{"line":129,"column":27},"end":{"line":155,"column":1}},"63":{"start":{"line":130,"column":2},"end":{"line":154,"column":3}},"64":{"start":{"line":131,"column":19},"end":{"line":131,"column":34}},"65":{"start":{"line":133,"column":27},"end":{"line":133,"column":117}},"66":{"start":{"line":135,"column":22},"end":{"line":135,"column":32}},"67":{"start":{"line":136,"column":24},"end":{"line":136,"column":80}},"68":{"start":{"line":136,"column":55},"end":{"line":136,"column":76}},"69":{"start":{"line":137,"column":27},"end":{"line":137,"column":61}},"70":{"start":{"line":138,"column":26},"end":{"line":138,"column":52}},"71":{"start":{"line":140,"column":25},"end":{"line":145,"column":6}},"72":{"start":{"line":141,"column":22},"end":{"line":141,"column":44}},"73":{"start":{"line":142,"column":22},"end":{"line":142,"column":32}},"74":{"start":{"line":143,"column":6},"end":{"line":143,"column":45}},"75":{"start":{"line":144,"column":6},"end":{"line":144,"column":32}},"76":{"start":{"line":147,"column":25},"end":{"line":147,"column":84}},"77":{"start":{"line":147,"column":59},"end":{"line":147,"column":80}},"78":{"start":{"line":149,"column":4},"end":{"line":151,"column":119}},"79":{"start":{"line":153,"column":4},"end":{"line":153,"column":76}},"80":{"start":{"line":157,"column":0},"end":{"line":157,"column":80}}},"fnMap":{"0":{"name":"(anonymous_0)","decl":{"start":{"line":4,"column":17},"end":{"line":4,"column":18}},"loc":{"start":{"line":4,"column":37},"end":{"line":69,"column":1}},"line":4},"1":{"name":"(anonymous_1)","decl":{"start":{"line":71,"column":21},"end":{"line":71,"column":22}},"loc":{"start":{"line":71,"column":41},"end":{"line":109,"column":1}},"line":71},"2":{"name":"(anonymous_2)","decl":{"start":{"line":111,"column":23},"end":{"line":111,"column":24}},"loc":{"start":{"line":111,"column":43},"end":{"line":127,"column":1}},"line":111},"3":{"name":"(anonymous_3)","decl":{"start":{"line":129,"column":27},"end":{"line":129,"column":28}},"loc":{"start":{"line":129,"column":47},"end":{"line":155,"column":1}},"line":129},"4":{"name":"(anonymous_4)","decl":{"start":{"line":136,"column":41},"end":{"line":136,"column":42}},"loc":{"start":{"line":136,"column":55},"end":{"line":136,"column":76}},"line":136},"5":{"name":"(anonymous_5)","decl":{"start":{"line":140,"column":42},"end":{"line":140,"column":43}},"loc":{"start":{"line":140,"column":51},"end":{"line":145,"column":5}},"line":140},"6":{"name":"(anonymous_6)","decl":{"start":{"line":147,"column":45},"end":{"line":147,"column":46}},"loc":{"start":{"line":147,"column":59},"end":{"line":147,"column":80}},"line":147}},"branchMap":{"0":{"loc":{"start":{"line":9,"column":4},"end":{"line":11,"column":5}},"type":"if","locations":[{"start":{"line":9,"column":4},"end":{"line":11,"column":5}},{"start":{},"end":{}}],"line":9},"1":{"loc":{"start":{"line":9,"column":8},"end":{"line":9,"column":50}},"type":"binary-expr","locations":[{"start":{"line":9,"column":8},"end":{"line":9,"column":32}},{"start":{"line":9,"column":36},"end":{"line":9,"column":50}}],"line":9},"2":{"loc":{"start":{"line":13,"column":17},"end":{"line":13,"column":66}},"type":"binary-expr","locations":[{"start":{"line":13,"column":17},"end":{"line":13,"column":24}},{"start":{"line":13,"column":28},"end":{"line":13,"column":66}}],"line":13},"3":{"loc":{"start":{"line":21,"column":4},"end":{"line":41,"column":5}},"type":"if","locations":[{"start":{"line":21,"column":4},"end":{"line":41,"column":5}},{"start":{"line":29,"column":11},"end":{"line":41,"column":5}}],"line":21},"4":{"loc":{"start":{"line":24,"column":8},"end":{"line":24,"column":34}},"type":"binary-expr","locations":[{"start":{"line":24,"column":8},"end":{"line":24,"column":13}},{"start":{"line":24,"column":17},"end":{"line":24,"column":34}}],"line":24},"5":{"loc":{"start":{"line":32,"column":35},"end":{"line":32,"column":48}},"type":"binary-expr","locations":[{"start":{"line":32,"column":35},"end":{"line":32,"column":40}},{"start":{"line":32,"column":44},"end":{"line":32,"column":48}}],"line":32},"6":{"loc":{"start":{"line":35,"column":6},"end":{"line":37,"column":7}},"type":"if","locations":[{"start":{"line":35,"column":6},"end":{"line":37,"column":7}},{"start":{},"end":{}}],"line":35},"7":{"loc":{"start":{"line":35,"column":10},"end":{"line":35,"column":38}},"type":"binary-expr","locations":[{"start":{"line":35,"column":10},"end":{"line":35,"column":21}},{"start":{"line":35,"column":25},"end":{"line":35,"column":38}}],"line":35},"8":{"loc":{"start":{"line":47,"column":42},"end":{"line":47,"column":55}},"type":"binary-expr","locations":[{"start":{"line":47,"column":42},"end":{"line":47,"column":49}},{"start":{"line":47,"column":53},"end":{"line":47,"column":55}}],"line":47},"9":{"loc":{"start":{"line":48,"column":51},"end":{"line":48,"column":64}},"type":"binary-expr","locations":[{"start":{"line":48,"column":51},"end":{"line":48,"column":58}},{"start":{"line":48,"column":62},"end":{"line":48,"column":64}}],"line":48},"10":{"loc":{"start":{"line":52,"column":50},"end":{"line":52,"column":78}},"type":"binary-expr","locations":[{"start":{"line":52,"column":50},"end":{"line":52,"column":73}},{"start":{"line":52,"column":77},"end":{"line":52,"column":78}}],"line":52},"11":{"loc":{"start":{"line":53,"column":25},"end":{"line":53,"column":50}},"type":"cond-expr","locations":[{"start":{"line":53,"column":44},"end":{"line":53,"column":46}},{"start":{"line":53,"column":49},"end":{"line":53,"column":50}}],"line":53},"12":{"loc":{"start":{"line":54,"column":28},"end":{"line":54,"column":54}},"type":"binary-expr","locations":[{"start":{"line":54,"column":28},"end":{"line":54,"column":49}},{"start":{"line":54,"column":53},"end":{"line":54,"column":54}}],"line":54},"13":{"loc":{"start":{"line":74,"column":32},"end":{"line":74,"column":42}},"type":"default-arg","locations":[{"start":{"line":74,"column":40},"end":{"line":74,"column":42}}],"line":74},"14":{"loc":{"start":{"line":81,"column":4},"end":{"line":84,"column":5}},"type":"if","locations":[{"start":{"line":81,"column":4},"end":{"line":84,"column":5}},{"start":{},"end":{}}],"line":81},"15":{"loc":{"start":{"line":85,"column":4},"end":{"line":88,"column":5}},"type":"if","locations":[{"start":{"line":85,"column":4},"end":{"line":88,"column":5}},{"start":{},"end":{}}],"line":85},"16":{"loc":{"start":{"line":94,"column":48},"end":{"line":94,"column":69}},"type":"binary-expr","locations":[{"start":{"line":94,"column":48},"end":{"line":94,"column":63}},{"start":{"line":94,"column":67},"end":{"line":94,"column":69}}],"line":94},"17":{"loc":{"start":{"line":104,"column":33},"end":{"line":104,"column":43}},"type":"binary-expr","locations":[{"start":{"line":104,"column":33},"end":{"line":104,"column":37}},{"start":{"line":104,"column":41},"end":{"line":104,"column":43}}],"line":104},"18":{"loc":{"start":{"line":104,"column":53},"end":{"line":104,"column":63}},"type":"binary-expr","locations":[{"start":{"line":104,"column":53},"end":{"line":104,"column":57}},{"start":{"line":104,"column":61},"end":{"line":104,"column":63}}],"line":104},"19":{"loc":{"start":{"line":118,"column":4},"end":{"line":120,"column":5}},"type":"if","locations":[{"start":{"line":118,"column":4},"end":{"line":120,"column":5}},{"start":{},"end":{}}],"line":118},"20":{"loc":{"start":{"line":135,"column":22},"end":{"line":135,"column":32}},"type":"binary-expr","locations":[{"start":{"line":135,"column":22},"end":{"line":135,"column":26}},{"start":{"line":135,"column":30},"end":{"line":135,"column":32}}],"line":135}},"s":{"0":1,"1":1,"2":1,"3":0,"4":0,"5":0,"6":0,"7":0,"8":0,"9":0,"10":0,"11":0,"12":0,"13":0,"14":0,"15":0,"16":0,"17":0,"18":0,"19":0,"20":0,"21":0,"22":0,"23":0,"24":0,"25":0,"26":0,"27":0,"28":0,"29":1,"30":0,"31":0,"32":0,"33":0,"34":0,"35":0,"36":0,"37":0,"38":0,"39":0,"40":0,"41":0,"42":0,"43":0,"44":0,"45":0,"46":0,"47":0,"48":0,"49":0,"50":0,"51":0,"52":1,"53":0,"54":0,"55":0,"56":0,"57":0,"58":0,"59":0,"60":0,"61":0,"62":1,"63":0,"64":0,"65":0,"66":0,"67":0,"68":0,"69":0,"70":0,"71":0,"72":0,"73":0,"74":0,"75":0,"76":0,"77":0,"78":0,"79":0,"80":1},"f":{"0":0,"1":0,"2":0,"3":0,"4":0,"5":0,"6":0},"b":{"0":[0,0],"1":[0,0],"2":[0,0],"3":[0,0],"4":[0,0],"5":[0,0],"6":[0,0],"7":[0,0],"8":[0,0],"9":[0,0],"10":[0,0],"11":[0,0],"12":[0,0],"13":[0],"14":[0,0],"15":[0,0],"16":[0,0],"17":[0,0],"18":[0,0],"19":[0,0],"20":[0,0]},"_coverageSchema":"1a1c01bbd47fc00a2c39e90264f33305004495a9","hash":"addb829d3d857c53d2476968043eb67fc3ed6838"}
,"F:\\My Projects~\\LivUpp\\Back-end\\src\\controllers\\gamificationController.js": {"path":"F:\\My Projects~\\LivUpp\\Back-end\\src\\controllers\\gamificationController.js","statementMap":{"0":{"start":{"line":1,"column":41},"end":{"line":1,"column":70}},"1":{"start":{"line":2,"column":56},"end":{"line":2,"column":83}},"2":{"start":{"line":3,"column":47},"end":{"line":3,"column":85}},"3":{"start":{"line":5,"column":23},"end":{"line":39,"column":1}},"4":{"start":{"line":6,"column":2},"end":{"line":38,"column":3}},"5":{"start":{"line":7,"column":19},"end":{"line":7,"column":34}},"6":{"start":{"line":9,"column":30},"end":{"line":9,"column":103}},"7":{"start":{"line":10,"column":4},"end":{"line":12,"column":5}},"8":{"start":{"line":11,"column":6},"end":{"line":11,"column":66}},"9":{"start":{"line":14,"column":28},"end":{"line":14,"column":99}},"10":{"start":{"line":15,"column":32},"end":{"line":17,"column":6}},"11":{"start":{"line":19,"column":39},"end":{"line":22,"column":5}},"12":{"start":{"line":24,"column":4},"end":{"line":35,"column":7}},"13":{"start":{"line":37,"column":4},"end":{"line":37,"column":76}},"14":{"start":{"line":41,"column":25},"end":{"line":106,"column":1}},"15":{"start":{"line":42,"column":2},"end":{"line":105,"column":3}},"16":{"start":{"line":43,"column":19},"end":{"line":43,"column":34}},"17":{"start":{"line":44,"column":31},"end":{"line":44,"column":39}},"18":{"start":{"line":47,"column":4},"end":{"line":49,"column":5}},"19":{"start":{"line":48,"column":6},"end":{"line":48,"column":96}},"20":{"start":{"line":51,"column":4},"end":{"line":53,"column":5}},"21":{"start":{"line":52,"column":6},"end":{"line":52,"column":78}},"22":{"start":{"line":55,"column":4},"end":{"line":57,"column":5}},"23":{"start":{"line":56,"column":6},"end":{"line":56,"column":86}},"24":{"start":{"line":59,"column":4},"end":{"line":61,"column":5}},"25":{"start":{"line":60,"column":6},"end":{"line":60,"column":72}},"26":{"start":{"line":63,"column":30},"end":{"line":63,"column":103}},"27":{"start":{"line":65,"column":27},"end":{"line":65,"column":56}},"28":{"start":{"line":67,"column":29},"end":{"line":67,"column":97}},"29":{"start":{"line":69,"column":21},"end":{"line":69,"column":65}},"30":{"start":{"line":71,"column":4},"end":{"line":74,"column":6}},"31":{"start":{"line":76,"column":37},"end":{"line":76,"column":110}},"32":{"start":{"line":78,"column":22},"end":{"line":78,"column":52}},"33":{"start":{"line":81,"column":27},"end":{"line":81,"column":31}},"34":{"start":{"line":82,"column":4},"end":{"line":92,"column":5}},"35":{"start":{"line":83,"column":24},"end":{"line":85,"column":8}},"36":{"start":{"line":87,"column":6},"end":{"line":91,"column":7}},"37":{"start":{"line":88,"column":8},"end":{"line":88,"column":37}},"38":{"start":{"line":90,"column":8},"end":{"line":90,"column":65}},"39":{"start":{"line":94,"column":4},"end":{"line":102,"column":7}},"40":{"start":{"line":104,"column":4},"end":{"line":104,"column":76}},"41":{"start":{"line":108,"column":18},"end":{"line":116,"column":1}},"42":{"start":{"line":109,"column":2},"end":{"line":115,"column":3}},"43":{"start":{"line":110,"column":29},"end":{"line":110,"column":84}},"44":{"start":{"line":112,"column":4},"end":{"line":112,"column":51}},"45":{"start":{"line":114,"column":4},"end":{"line":114,"column":76}},"46":{"start":{"line":118,"column":24},"end":{"line":142,"column":1}},"47":{"start":{"line":119,"column":2},"end":{"line":141,"column":3}},"48":{"start":{"line":120,"column":19},"end":{"line":120,"column":34}},"49":{"start":{"line":122,"column":38},"end":{"line":122,"column":110}},"50":{"start":{"line":123,"column":39},"end":{"line":125,"column":6}},"51":{"start":{"line":127,"column":22},"end":{"line":127,"column":86}},"52":{"start":{"line":127,"column":67},"end":{"line":127,"column":84}},"53":{"start":{"line":129,"column":36},"end":{"line":132,"column":7}},"54":{"start":{"line":129,"column":82},"end":{"line":132,"column":5}},"55":{"start":{"line":134,"column":4},"end":{"line":138,"column":7}},"56":{"start":{"line":140,"column":4},"end":{"line":140,"column":76}},"57":{"start":{"line":144,"column":34},"end":{"line":233,"column":1}},"58":{"start":{"line":145,"column":2},"end":{"line":232,"column":3}},"59":{"start":{"line":146,"column":19},"end":{"line":146,"column":34}},"60":{"start":{"line":148,"column":30},"end":{"line":148,"column":103}},"61":{"start":{"line":149,"column":39},"end":{"line":151,"column":6}},"62":{"start":{"line":152,"column":22},"end":{"line":152,"column":86}},"63":{"start":{"line":152,"column":67},"end":{"line":152,"column":84}},"64":{"start":{"line":153,"column":38},"end":{"line":153,"column":83}},"65":{"start":{"line":154,"column":37},"end":{"line":154,"column":111}},"66":{"start":{"line":155,"column":32},"end":{"line":155,"column":109}},"67":{"start":{"line":157,"column":26},"end":{"line":157,"column":89}},"68":{"start":{"line":157,"column":60},"end":{"line":157,"column":81}},"69":{"start":{"line":159,"column":22},"end":{"line":164,"column":5}},"70":{"start":{"line":166,"column":28},"end":{"line":166,"column":30}},"71":{"start":{"line":167,"column":29},"end":{"line":167,"column":30}},"72":{"start":{"line":170,"column":4},"end":{"line":175,"column":5}},"73":{"start":{"line":171,"column":6},"end":{"line":174,"column":7}},"74":{"start":{"line":172,"column":8},"end":{"line":172,"column":42}},"75":{"start":{"line":173,"column":8},"end":{"line":173,"column":56}},"76":{"start":{"line":178,"column":4},"end":{"line":204,"column":5}},"77":{"start":{"line":179,"column":33},"end":{"line":199,"column":8}},"78":{"start":{"line":181,"column":8},"end":{"line":189,"column":9}},"79":{"start":{"line":182,"column":28},"end":{"line":185,"column":12}},"80":{"start":{"line":186,"column":10},"end":{"line":188,"column":11}},"81":{"start":{"line":187,"column":12},"end":{"line":187,"column":77}},"82":{"start":{"line":192,"column":39},"end":{"line":195,"column":9}},"83":{"start":{"line":196,"column":8},"end":{"line":198,"column":9}},"84":{"start":{"line":197,"column":10},"end":{"line":197,"column":77}},"85":{"start":{"line":201,"column":6},"end":{"line":203,"column":7}},"86":{"start":{"line":202,"column":8},"end":{"line":202,"column":105}},"87":{"start":{"line":207,"column":31},"end":{"line":207,"column":81}},"88":{"start":{"line":208,"column":27},"end":{"line":208,"column":31}},"89":{"start":{"line":210,"column":4},"end":{"line":222,"column":5}},"90":{"start":{"line":211,"column":24},"end":{"line":215,"column":8}},"91":{"start":{"line":217,"column":6},"end":{"line":221,"column":7}},"92":{"start":{"line":218,"column":8},"end":{"line":218,"column":37}},"93":{"start":{"line":220,"column":8},"end":{"line":220,"column":65}},"94":{"start":{"line":224,"column":4},"end":{"line":229,"column":7}},"95":{"start":{"line":231,"column":4},"end":{"line":231,"column":76}},"96":{"start":{"line":235,"column":21},"end":{"line":260,"column":1}},"97":{"start":{"line":236,"column":2},"end":{"line":259,"column":3}},"98":{"start":{"line":237,"column":19},"end":{"line":237,"column":34}},"99":{"start":{"line":238,"column":27},"end":{"line":238,"column":35}},"100":{"start":{"line":241,"column":4},"end":{"line":243,"column":5}},"101":{"start":{"line":242,"column":6},"end":{"line":242,"column":93}},"102":{"start":{"line":245,"column":4},"end":{"line":247,"column":5}},"103":{"start":{"line":246,"column":6},"end":{"line":246,"column":90}},"104":{"start":{"line":249,"column":4},"end":{"line":253,"column":7}},"105":{"start":{"line":254,"column":37},"end":{"line":254,"column":110}},"106":{"start":{"line":256,"column":4},"end":{"line":256,"column":94}},"107":{"start":{"line":258,"column":4},"end":{"line":258,"column":76}},"108":{"start":{"line":262,"column":0},"end":{"line":269,"column":2}}},"fnMap":{"0":{"name":"(anonymous_0)","decl":{"start":{"line":5,"column":23},"end":{"line":5,"column":24}},"loc":{"start":{"line":5,"column":43},"end":{"line":39,"column":1}},"line":5},"1":{"name":"(anonymous_1)","decl":{"start":{"line":41,"column":25},"end":{"line":41,"column":26}},"loc":{"start":{"line":41,"column":45},"end":{"line":106,"column":1}},"line":41},"2":{"name":"(anonymous_2)","decl":{"start":{"line":108,"column":18},"end":{"line":108,"column":19}},"loc":{"start":{"line":108,"column":38},"end":{"line":116,"column":1}},"line":108},"3":{"name":"(anonymous_3)","decl":{"start":{"line":118,"column":24},"end":{"line":118,"column":25}},"loc":{"start":{"line":118,"column":44},"end":{"line":142,"column":1}},"line":118},"4":{"name":"(anonymous_4)","decl":{"start":{"line":127,"column":59},"end":{"line":127,"column":60}},"loc":{"start":{"line":127,"column":67},"end":{"line":127,"column":84}},"line":127},"5":{"name":"(anonymous_5)","decl":{"start":{"line":129,"column":64},"end":{"line":129,"column":65}},"loc":{"start":{"line":129,"column":82},"end":{"line":132,"column":5}},"line":129},"6":{"name":"(anonymous_6)","decl":{"start":{"line":144,"column":34},"end":{"line":144,"column":35}},"loc":{"start":{"line":144,"column":54},"end":{"line":233,"column":1}},"line":144},"7":{"name":"(anonymous_7)","decl":{"start":{"line":152,"column":59},"end":{"line":152,"column":60}},"loc":{"start":{"line":152,"column":67},"end":{"line":152,"column":84}},"line":152},"8":{"name":"(anonymous_8)","decl":{"start":{"line":157,"column":51},"end":{"line":157,"column":52}},"loc":{"start":{"line":157,"column":60},"end":{"line":157,"column":81}},"line":157},"9":{"name":"(anonymous_9)","decl":{"start":{"line":179,"column":51},"end":{"line":179,"column":52}},"loc":{"start":{"line":179,"column":65},"end":{"line":199,"column":7}},"line":179},"10":{"name":"(anonymous_10)","decl":{"start":{"line":235,"column":21},"end":{"line":235,"column":22}},"loc":{"start":{"line":235,"column":41},"end":{"line":260,"column":1}},"line":235}},"branchMap":{"0":{"loc":{"start":{"line":10,"column":4},"end":{"line":12,"column":5}},"type":"if","locations":[{"start":{"line":10,"column":4},"end":{"line":12,"column":5}},{"start":{},"end":{}}],"line":10},"1":{"loc":{"start":{"line":27,"column":17},"end":{"line":27,"column":34}},"type":"binary-expr","locations":[{"start":{"line":27,"column":17},"end":{"line":27,"column":26}},{"start":{"line":27,"column":30},"end":{"line":27,"column":34}}],"line":27},"2":{"loc":{"start":{"line":28,"column":20},"end":{"line":28,"column":42}},"type":"binary-expr","locations":[{"start":{"line":28,"column":20},"end":{"line":28,"column":36}},{"start":{"line":28,"column":40},"end":{"line":28,"column":42}}],"line":28},"3":{"loc":{"start":{"line":29,"column":27},"end":{"line":34,"column":13}},"type":"cond-expr","locations":[{"start":{"line":30,"column":10},"end":{"line":33,"column":22}},{"start":{"line":34,"column":10},"end":{"line":34,"column":13}}],"line":29},"4":{"loc":{"start":{"line":47,"column":4},"end":{"line":49,"column":5}},"type":"if","locations":[{"start":{"line":47,"column":4},"end":{"line":49,"column":5}},{"start":{},"end":{}}],"line":47},"5":{"loc":{"start":{"line":47,"column":8},"end":{"line":47,"column":45}},"type":"binary-expr","locations":[{"start":{"line":47,"column":8},"end":{"line":47,"column":15}},{"start":{"line":47,"column":19},"end":{"line":47,"column":45}}],"line":47},"6":{"loc":{"start":{"line":51,"column":4},"end":{"line":53,"column":5}},"type":"if","locations":[{"start":{"line":51,"column":4},"end":{"line":53,"column":5}},{"start":{},"end":{}}],"line":51},"7":{"loc":{"start":{"line":55,"column":4},"end":{"line":57,"column":5}},"type":"if","locations":[{"start":{"line":55,"column":4},"end":{"line":57,"column":5}},{"start":{},"end":{}}],"line":55},"8":{"loc":{"start":{"line":59,"column":4},"end":{"line":61,"column":5}},"type":"if","locations":[{"start":{"line":59,"column":4},"end":{"line":61,"column":5}},{"start":{},"end":{}}],"line":59},"9":{"loc":{"start":{"line":59,"column":8},"end":{"line":59,"column":58}},"type":"binary-expr","locations":[{"start":{"line":59,"column":8},"end":{"line":59,"column":28}},{"start":{"line":59,"column":32},"end":{"line":59,"column":58}}],"line":59},"10":{"loc":{"start":{"line":69,"column":52},"end":{"line":69,"column":64}},"type":"binary-expr","locations":[{"start":{"line":69,"column":52},"end":{"line":69,"column":58}},{"start":{"line":69,"column":62},"end":{"line":69,"column":64}}],"line":69},"11":{"loc":{"start":{"line":82,"column":4},"end":{"line":92,"column":5}},"type":"if","locations":[{"start":{"line":82,"column":4},"end":{"line":92,"column":5}},{"start":{},"end":{}}],"line":82},"12":{"loc":{"start":{"line":87,"column":6},"end":{"line":91,"column":7}},"type":"if","locations":[{"start":{"line":87,"column":6},"end":{"line":91,"column":7}},{"start":{},"end":{}}],"line":87},"13":{"loc":{"start":{"line":98,"column":14},"end":{"line":98,"column":39}},"type":"binary-expr","locations":[{"start":{"line":98,"column":14},"end":{"line":98,"column":20}},{"start":{"line":98,"column":24},"end":{"line":98,"column":39}}],"line":98},"14":{"loc":{"start":{"line":100,"column":16},"end":{"line":100,"column":43}},"type":"cond-expr","locations":[{"start":{"line":100,"column":28},"end":{"line":100,"column":36}},{"start":{"line":100,"column":39},"end":{"line":100,"column":43}}],"line":100},"15":{"loc":{"start":{"line":112,"column":35},"end":{"line":112,"column":47}},"type":"binary-expr","locations":[{"start":{"line":112,"column":35},"end":{"line":112,"column":41}},{"start":{"line":112,"column":45},"end":{"line":112,"column":47}}],"line":112},"16":{"loc":{"start":{"line":127,"column":31},"end":{"line":127,"column":53}},"type":"binary-expr","locations":[{"start":{"line":127,"column":31},"end":{"line":127,"column":47}},{"start":{"line":127,"column":51},"end":{"line":127,"column":53}}],"line":127},"17":{"loc":{"start":{"line":129,"column":37},"end":{"line":129,"column":58}},"type":"binary-expr","locations":[{"start":{"line":129,"column":37},"end":{"line":129,"column":52}},{"start":{"line":129,"column":56},"end":{"line":129,"column":58}}],"line":129},"18":{"loc":{"start":{"line":136,"column":26},"end":{"line":136,"column":47}},"type":"binary-expr","locations":[{"start":{"line":136,"column":26},"end":{"line":136,"column":41}},{"start":{"line":136,"column":45},"end":{"line":136,"column":47}}],"line":136},"19":{"loc":{"start":{"line":152,"column":31},"end":{"line":152,"column":53}},"type":"binary-expr","locations":[{"start":{"line":152,"column":31},"end":{"line":152,"column":47}},{"start":{"line":152,"column":51},"end":{"line":152,"column":53}}],"line":152},"20":{"loc":{"start":{"line":157,"column":27},"end":{"line":157,"column":42}},"type":"binary-expr","locations":[{"start":{"line":157,"column":27},"end":{"line":157,"column":36}},{"start":{"line":157,"column":40},"end":{"line":157,"column":42}}],"line":157},"21":{"loc":{"start":{"line":162,"column":24},"end":{"line":162,"column":44}},"type":"binary-expr","locations":[{"start":{"line":162,"column":24},"end":{"line":162,"column":38}},{"start":{"line":162,"column":42},"end":{"line":162,"column":44}}],"line":162},"22":{"loc":{"start":{"line":170,"column":30},"end":{"line":170,"column":51}},"type":"binary-expr","locations":[{"start":{"line":170,"column":30},"end":{"line":170,"column":45}},{"start":{"line":170,"column":49},"end":{"line":170,"column":51}}],"line":170},"23":{"loc":{"start":{"line":171,"column":6},"end":{"line":174,"column":7}},"type":"if","locations":[{"start":{"line":171,"column":6},"end":{"line":174,"column":7}},{"start":{},"end":{}}],"line":171},"24":{"loc":{"start":{"line":171,"column":10},"end":{"line":171,"column":95}},"type":"binary-expr","locations":[{"start":{"line":171,"column":10},"end":{"line":171,"column":40}},{"start":{"line":171,"column":44},"end":{"line":171,"column":95}}],"line":171},"25":{"loc":{"start":{"line":178,"column":4},"end":{"line":204,"column":5}},"type":"if","locations":[{"start":{"line":178,"column":4},"end":{"line":204,"column":5}},{"start":{},"end":{}}],"line":178},"26":{"loc":{"start":{"line":186,"column":10},"end":{"line":188,"column":11}},"type":"if","locations":[{"start":{"line":186,"column":10},"end":{"line":188,"column":11}},{"start":{},"end":{}}],"line":186},"27":{"loc":{"start":{"line":196,"column":8},"end":{"line":198,"column":9}},"type":"if","locations":[{"start":{"line":196,"column":8},"end":{"line":198,"column":9}},{"start":{},"end":{}}],"line":196},"28":{"loc":{"start":{"line":201,"column":6},"end":{"line":203,"column":7}},"type":"if","locations":[{"start":{"line":201,"column":6},"end":{"line":203,"column":7}},{"start":{},"end":{}}],"line":201},"29":{"loc":{"start":{"line":207,"column":31},"end":{"line":207,"column":81}},"type":"binary-expr","locations":[{"start":{"line":207,"column":31},"end":{"line":207,"column":51}},{"start":{"line":207,"column":55},"end":{"line":207,"column":81}}],"line":207},"30":{"loc":{"start":{"line":210,"column":4},"end":{"line":222,"column":5}},"type":"if","locations":[{"start":{"line":210,"column":4},"end":{"line":222,"column":5}},{"start":{},"end":{}}],"line":210},"31":{"loc":{"start":{"line":217,"column":6},"end":{"line":221,"column":7}},"type":"if","locations":[{"start":{"line":217,"column":6},"end":{"line":221,"column":7}},{"start":{},"end":{}}],"line":217},"32":{"loc":{"start":{"line":225,"column":15},"end":{"line":225,"column":96}},"type":"cond-expr","locations":[{"start":{"line":225,"column":44},"end":{"line":225,"column":72}},{"start":{"line":225,"column":75},"end":{"line":225,"column":96}}],"line":225},"33":{"loc":{"start":{"line":241,"column":4},"end":{"line":243,"column":5}},"type":"if","locations":[{"start":{"line":241,"column":4},"end":{"line":243,"column":5}},{"start":{},"end":{}}],"line":241},"34":{"loc":{"start":{"line":241,"column":8},"end":{"line":241,"column":53}},"type":"binary-expr","locations":[{"start":{"line":241,"column":8},"end":{"line":241,"column":19}},{"start":{"line":241,"column":23},"end":{"line":241,"column":53}}],"line":241},"35":{"loc":{"start":{"line":245,"column":4},"end":{"line":247,"column":5}},"type":"if","locations":[{"start":{"line":245,"column":4},"end":{"line":247,"column":5}},{"start":{},"end":{}}],"line":245}},"s":{"0":1,"1":1,"2":1,"3":1,"4":0,"5":0,"6":0,"7":0,"8":0,"9":0,"10":0,"11":0,"12":0,"13":0,"14":1,"15":0,"16":0,"17":0,"18":0,"19":0,"20":0,"21":0,"22":0,"23":0,"24":0,"25":0,"26":0,"27":0,"28":0,"29":0,"30":0,"31":0,"32":0,"33":0,"34":0,"35":0,"36":0,"37":0,"38":0,"39":0,"40":0,"41":1,"42":0,"43":0,"44":0,"45":0,"46":1,"47":0,"48":0,"49":0,"50":0,"51":0,"52":0,"53":0,"54":0,"55":0,"56":0,"57":1,"58":0,"59":0,"60":0,"61":0,"62":0,"63":0,"64":0,"65":0,"66":0,"67":0,"68":0,"69":0,"70":0,"71":0,"72":0,"73":0,"74":0,"75":0,"76":0,"77":0,"78":0,"79":0,"80":0,"81":0,"82":0,"83":0,"84":0,"85":0,"86":0,"87":0,"88":0,"89":0,"90":0,"91":0,"92":0,"93":0,"94":0,"95":0,"96":1,"97":0,"98":0,"99":0,"100":0,"101":0,"102":0,"103":0,"104":0,"105":0,"106":0,"107":0,"108":1},"f":{"0":0,"1":0,"2":0,"3":0,"4":0,"5":0,"6":0,"7":0,"8":0,"9":0,"10":0},"b":{"0":[0,0],"1":[0,0],"2":[0,0],"3":[0,0],"4":[0,0],"5":[0,0],"6":[0,0],"7":[0,0],"8":[0,0],"9":[0,0],"10":[0,0],"11":[0,0],"12":[0,0],"13":[0,0],"14":[0,0],"15":[0,0],"16":[0,0],"17":[0,0],"18":[0,0],"19":[0,0],"20":[0,0],"21":[0,0],"22":[0,0],"23":[0,0],"24":[0,0],"25":[0,0],"26":[0,0],"27":[0,0],"28":[0,0],"29":[0,0],"30":[0,0],"31":[0,0],"32":[0,0],"33":[0,0],"34":[0,0],"35":[0,0]},"_coverageSchema":"1a1c01bbd47fc00a2c39e90264f33305004495a9","hash":"1ef270043b014c207030a6d762150eb0110754aa"}
,"F:\\My Projects~\\LivUpp\\Back-end\\src\\controllers\\insightsController.js": {"path":"F:\\My Projects~\\LivUpp\\Back-end\\src\\controllers\\insightsController.js","statementMap":{"0":{"start":{"line":1,"column":18},"end":{"line":1,"column":47}},"1":{"start":{"line":4,"column":25},"end":{"line":39,"column":1}},"2":{"start":{"line":5,"column":2},"end":{"line":38,"column":3}},"3":{"start":{"line":6,"column":19},"end":{"line":6,"column":34}},"4":{"start":{"line":7,"column":25},"end":{"line":7,"column":99}},"5":{"start":{"line":10,"column":32},"end":{"line":13,"column":5}},"6":{"start":{"line":15,"column":31},"end":{"line":18,"column":5}},"7":{"start":{"line":20,"column":34},"end":{"line":23,"column":5}},"8":{"start":{"line":26,"column":21},"end":{"line":26,"column":88}},"9":{"start":{"line":28,"column":4},"end":{"line":31,"column":7}},"10":{"start":{"line":33,"column":4},"end":{"line":33,"column":55}},"11":{"start":{"line":34,"column":4},"end":{"line":37,"column":7}},"12":{"start":{"line":43,"column":19},"end":{"line":54,"column":3}},"13":{"start":{"line":57,"column":26},"end":{"line":57,"column":81}},"14":{"start":{"line":57,"column":52},"end":{"line":57,"column":73}},"15":{"start":{"line":58,"column":22},"end":{"line":58,"column":78}},"16":{"start":{"line":58,"column":53},"end":{"line":58,"column":74}},"17":{"start":{"line":60,"column":2},"end":{"line":60,"column":51}},"18":{"start":{"line":61,"column":2},"end":{"line":61,"column":43}},"19":{"start":{"line":64,"column":2},"end":{"line":70,"column":3}},"20":{"start":{"line":65,"column":23},"end":{"line":65,"column":25}},"21":{"start":{"line":66,"column":4},"end":{"line":68,"column":7}},"22":{"start":{"line":67,"column":6},"end":{"line":67,"column":71}},"23":{"start":{"line":69,"column":4},"end":{"line":69,"column":114}},"24":{"start":{"line":69,"column":74},"end":{"line":69,"column":111}},"25":{"start":{"line":73,"column":2},"end":{"line":81,"column":3}},"26":{"start":{"line":74,"column":26},"end":{"line":74,"column":28}},"27":{"start":{"line":75,"column":4},"end":{"line":77,"column":7}},"28":{"start":{"line":76,"column":6},"end":{"line":76,"column":83}},"29":{"start":{"line":78,"column":4},"end":{"line":80,"column":6}},"30":{"start":{"line":79,"column":6},"end":{"line":79,"column":49}},"31":{"start":{"line":84,"column":2},"end":{"line":91,"column":3}},"32":{"start":{"line":86,"column":4},"end":{"line":86,"column":30}},"33":{"start":{"line":87,"column":4},"end":{"line":87,"column":50}},"34":{"start":{"line":88,"column":4},"end":{"line":88,"column":90}},"35":{"start":{"line":89,"column":4},"end":{"line":89,"column":91}},"36":{"start":{"line":90,"column":4},"end":{"line":90,"column":20}},"37":{"start":{"line":94,"column":2},"end":{"line":100,"column":3}},"38":{"start":{"line":95,"column":4},"end":{"line":95,"column":32}},"39":{"start":{"line":96,"column":4},"end":{"line":96,"column":48}},"40":{"start":{"line":97,"column":4},"end":{"line":97,"column":95}},"41":{"start":{"line":98,"column":4},"end":{"line":98,"column":96}},"42":{"start":{"line":99,"column":4},"end":{"line":99,"column":20}},"43":{"start":{"line":103,"column":2},"end":{"line":109,"column":3}},"44":{"start":{"line":104,"column":4},"end":{"line":104,"column":27}},"45":{"start":{"line":105,"column":4},"end":{"line":105,"column":42}},"46":{"start":{"line":106,"column":4},"end":{"line":106,"column":120}},"47":{"start":{"line":107,"column":4},"end":{"line":107,"column":96}},"48":{"start":{"line"
[...]
2}},"30":{"start":{"line":50,"column":36},"end":{"line":63,"column":1}},"31":{"start":{"line":51,"column":2},"end":{"line":62,"column":3}},"32":{"start":{"line":53,"column":6},"end":{"line":53,"column":67}},"33":{"start":{"line":55,"column":6},"end":{"line":55,"column":71}},"34":{"start":{"line":57,"column":6},"end":{"line":57,"column":72}},"35":{"start":{"line":59,"column":6},"end":{"line":59,"column":71}},"36":{"start":{"line":61,"column":6},"end":{"line":61,"column":19}},"37":{"start":{"line":65,"column":21},"end":{"line":118,"column":1}},"38":{"start":{"line":67,"column":16},"end":{"line":67,"column":26}},"39":{"start":{"line":68,"column":2},"end":{"line":68,"column":29}},"40":{"start":{"line":70,"column":18},"end":{"line":70,"column":33}},"41":{"start":{"line":71,"column":16},"end":{"line":71,"column":31}},"42":{"start":{"line":73,"column":2},"end":{"line":112,"column":3}},"43":{"start":{"line":75,"column":24},"end":{"line":75,"column":38}},"44":{"start":{"line":76,"column":27},"end":{"line":76,"column":46}},"45":{"start":{"line":79,"column":6},"end":{"line":79,"column":56}},"46":{"start":{"line":80,"column":6},"end":{"line":80,"column":37}},"47":{"start":{"line":83,"column":6},"end":{"line":83,"column":36}},"48":{"start":{"line":84,"column":6},"end":{"line":84,"column":47}},"49":{"start":{"line":85,"column":6},"end":{"line":85,"column":40}},"50":{"start":{"line":86,"column":6},"end":{"line":86,"column":12}},"51":{"start":{"line":90,"column":6},"end":{"line":90,"column":69}},"52":{"start":{"line":91,"column":6},"end":{"line":91,"column":37}},"53":{"start":{"line":93,"column":6},"end":{"line":93,"column":71}},"54":{"start":{"line":94,"column":6},"end":{"line":94,"column":40}},"55":{"start":{"line":95,"column":6},"end":{"line":95,"column":12}},"56":{"start":{"line":98,"column":6},"end":{"line":98,"column":53}},"57":{"start":{"line":99,"column":6},"end":{"line":99,"column":37}},"58":{"start":{"line":100,"column":6},"end":{"line":100,"column":40}},"59":{"start":{"line":101,"column":6},"end":{"line":101,"column":12}},"60":{"start":{"line":104,"column":24},"end":{"line":104,"column":38}},"61":{"start":{"line":105,"column":27},"end":{"line":105,"column":46}},"62":{"start":{"line":106,"column":6},"end":{"line":106,"column":56}},"63":{"start":{"line":107,"column":6},"end":{"line":107,"column":37}},"64":{"start":{"line":108,"column":6},"end":{"line":108,"column":36}},"65":{"start":{"line":109,"column":6},"end":{"line":109,"column":47}},"66":{"start":{"line":110,"column":6},"end":{"line":110,"column":40}},"67":{"start":{"line":114,"column":2},"end":{"line":117,"column":4}},"68":{"start":{"line":120,"column":0},"end":{"line":126,"column":2}}},"fnMap":{"0":{"name":"(anonymous_0)","decl":{"start":{"line":1,"column":24},"end":{"line":1,"column":25}},"loc":{"start":{"line":1,"column":39},"end":{"line":27,"column":1}},"line":1},"1":{"name":"(anonymous_1)","decl":{"start":{"line":6,"column":36},"end":{"line":6,"column":37}},"loc":{"start":{"line":6,"column":46},"end":{"line":6,"column":89}},"line":6},"2":{"name":"(anonymous_2)","decl":{"start":{"line":29,"column":32},"end":{"line":29,"column":33}},"loc":{"start":{"line":29,"column":47},"end":{"line":34,"column":1}},"line":29},"3":{"name":"(anonymous_3)","decl":{"start":{"line":33,"column":26},"end":{"line":33,"column":27}},"loc":{"start":{"line":33,"column":35},"end":{"line":33,"column":56}},"line":33},"4":{"name":"(anonymous_4)","decl":{"start":{"line":36,"column":23},"end":{"line":36,"column":24}},"loc":{"start":{"line":36,"column":43},"end":{"line":48,"column":1}},"line":36},"5":{"name":"(anonymous_5)","decl":{"start":{"line":50,"column":36},"end":{"line":50,"column":37}},"loc":{"start":{"line":50,"column":64},"end":{"line":63,"column":1}},"line":50},"6":{"name":"(anonymous_6)","decl":{"start":{"line":65,"column":21},"end":{"line":65,"column":22}},"loc":{"start":{"line":65,"column":33},"end":{"line":118,"column":1}},"line":65}},"branchMap":{"0":{"loc":{"start":{"line":2,"column":2},"end":{"line":4,"column":3}},"type":"if","locations":[{"start":{"line":2,"column":2},"end":{"line":4,"column":3}},{"start":{},"end":{}}],"line":2},"1":{"loc":{"start":{"line":2,"column":6},"end":{"line":2,"column":42}},"type":"binary-expr","locations":[{"start":{"line":2,"column":6},"end":{"line":2,"column":16}},{"start":{"line":2,"column":20},"end":{"line":2,"column":42}}],"line":2},"2":{"loc":{"start":{"line":18,"column":4},"end":{"line":23,"column":5}},"type":"if","locations":[{"start":{"line":18,"column":4},"end":{"line":23,"column":5}},{"start":{"line":21,"column":11},"end":{"line":23,"column":5}}],"line":18},"3":{"loc":{"start":{"line":18,"column":8},"end":{"line":18,"column":52}},"type":"binary-expr","locations":[{"start":{"line":18,"column":8},"end":{"line":18,"column":27}},{"start":{"line":18,"column":31},"end":{"line":18,"column":52}}],"line":18},"4":{"loc":{"start":{"line":21,"column":11},"end":{"line":23,"column":5}},"type":"if","locations":[{"start":{"line":21,"column":11},"end":{"line":23,"column":5}},{"start":{},"end":{}}],"line":21},"5":{"loc":{"start":{"line":30,"column":2},"end":{"line":32,"column":3}},"type":"if","locations":[{"start":{"line":30,"column":2},"end":{"line":32,"column":3}},{"start":{},"end":{}}],"line":30},"6":{"loc":{"start":{"line":30,"column":6},"end":{"line":30,"column":42}},"type":"binary-expr","locations":[{"start":{"line":30,"column":6},"end":{"line":30,"column":16}},{"start":{"line":30,"column":20},"end":{"line":30,"column":42}}],"line":30},"7":{"loc":{"start":{"line":40,"column":4},"end":{"line":44,"column":5}},"type":"if","locations":[{"start":{"line":40,"column":4},"end":{"line":44,"column":5}},{"start":{"line":42,"column":11},"end":{"line":44,"column":5}}],"line":40},"8":{"loc":{"start":{"line":51,"column":2},"end":{"line":62,"column":3}},"type":"switch","locations":[{"start":{"line":52,"column":4},"end":{"line":53,"column":67}},{"start":{"line":54,"column":4},"end":{"line":55,"column":71}},{"start":{"line":56,"column":4},"end":{"line":57,"column":72}},{"start":{"line":58,"column":4},"end":{"line":59,"column":71}},{"start":{"line":60,"column":4},"end":{"line":61,"column":19}}],"line":51},"9":{"loc":{"start":{"line":73,"column":2},"end":{"line":112,"column":3}},"type":"switch","locations":[{"start":{"line":74,"column":4},"end":{"line":87,"column":5}},{"start":{"line":88,"column":4},"end":{"line":96,"column":5}},{"start":{"line":97,"column":4},"end":{"line":102,"column":5}},{"start":{"line":103,"column":4},"end":{"line":111,"column":5}}],"line":73}},"s":{"0":1,"1":0,"2":0,"3":0,"4":0,"5":0,"6":0,"7":0,"8":0,"9":0,"10":0,"11":0,"12":0,"13":0,"14":0,"15":0,"16":0,"17":0,"18":1,"19":0,"20":0,"21":0,"22":0,"23":1,"24":0,"25":0,"26":0,"27":0,"28":0,"29":0,"30":1,"31":0,"32":0,"33":0,"34":0,"35":0,"36":0,"37":1,"38":0,"39":0,"40":0,"41":0,"42":0,"43":0,"44":0,"45":0,"46":0,"47":0,"48":0,"49":0,"50":0,"51":0,"52":0,"53":0,"54":0,"55":0,"56":0,"57":0,"58":0,"59":0,"60":0,"61":0,"62":0,"63":0,"64":0,"65":0,"66":0,"67":0,"68":1},"f":{"0":0,"1":0,"2":0,"3":0,"4":0,"5":0,"6":0},"b":{"0":[0,0],"1":[0,0],"2":[0,0],"3":[0,0],"4":[0,0],"5":[0,0],"6":[0,0],"7":[0,0],"8":[0,0,0,0,0],"9":[0,0,0,0]},"_coverageSchema":"1a1c01bbd47fc00a2c39e90264f33305004495a9","hash":"cc207f6ce79c8a5ffdfbb914b94ed439576c60e6"}
,"F:\\My Projects~\\LivUpp\\Back-end\\src\\utils\\milestoneDetection.js": {"path":"F:\\My Projects~\\LivUpp\\Back-end\\src\\utils\\milestoneDetection.js","statementMap":{"0":{"start":{"line":1,"column":28},"end":{"line":1,"column":57}},"1":{"start":{"line":18,"column":2},"end":{"line":113,"column":3}},"2":{"start":{"line":20,"column":45},"end":{"line":20,"column":116}},"3":{"start":{"line":22,"column":4},"end":{"line":24,"column":5}},"4":{"start":{"line":23,"column":6},"end":{"line":23,"column":81}},"5":{"start":{"line":27,"column":4},"end":{"line":29,"column":5}},"6":{"start":{"line":28,"column":6},"end":{"line":28,"column":81}},"7":{"start":{"line":31,"column":24},"end":{"line":31,"column":28}},"8":{"start":{"line":32,"column":24},"end":{"line":32,"column":26}},"9":{"start":{"line":35,"column":4},"end":{"line":81,"column":5}},"10":{"start":{"line":37,"column":8},"end":{"line":43,"column":9}},"11":{"start":{"line":38,"column":10},"end":{"line":38,"column":46}},"12":{"start":{"line":39,"column":10},"end":{"line":42,"column":12}},"13":{"start":{"line":44,"column":8},"end":{"line":44,"column":14}},"14":{"start":{"line":47,"column":8},"end":{"line":53,"column":9}},"15":{"start":{"line":48,"column":10},"end":{"line":48,"column":44}},"16":{"start":{"line":49,"column":10},"end":{"line":52,"column":12}},"17":{"start":{"line":54,"column":8},"end":{"line":54,"column":14}},"18":{"start":{"line":57,"column":8},"end":{"line":62,"column":9}},"19":{"start":{"line":58,"column":10},"end":{"line":58,"column":39}},"20":{"start":{"line":59,"column":10},"end":{"line":61,"column":12}},"21":{"start":{"line":63,"column":8},"end":{"line":63,"column":14}},"22":{"start":{"line":66,"column":8},"end":{"line":76,"column":9}},"23":{"start":{"line":67,"column":10},"end":{"line":67,"column":41}},"24":{"start":{"line":68,"column":10},"end":{"line":70,"column":12}},"25":{"start":{"line":71,"column":15},"end":{"line":76,"column":9}},"26":{"start":{"line":72,"column":10},"end":{"line":72,"column":41}},"27":{"start":{"line":73,"column":10},"end":{"line":75,"column":12}},"28":{"start":{"line":77,"column":8},"end":{"line":77,"column":14}},"29":{"start":{"line":80,"column":8},"end":{"line":80,"column":83}},"30":{"start":{"line":84,"column":4},"end":{"line":86,"column":5}},"31":{"start":{"line":85,"column":6},"end":{"line":85,"column":81}},"32":{"start":{"line":89,"column":57},"end":{"line":92,"column":5}},"33":{"start":{"line":94,"column":4},"end":{"line":97,"column":5}},"34":{"start":{"line":95,"column":6},"end":{"line":95,"column":71}},"35":{"start":{"line":96,"column":6},"end":{"line":96,"column":81}},"36":{"start":{"line":100,"column":4},"end":{"line":102,"column":5}},"37":{"start":{"line":101,"column":6},"end":{"line":101,"column":81}},"38":{"start":{"line":105,"column":4},"end":{"line":109,"column":6}},"39":{"start":{"line":111,"column":4},"end":{"line":111,"column":54}},"40":{"start":{"line":112,"column":4},"end":{"line":112,"column":79}},"41":{"start":{"line":124,"column":2},"end":{"line":141,"column":3}},"42":{"start":{"line":125,"column":22},"end":{"line":130,"column":5}},"43":{"start":{"line":132,"column":4},"end":{"line":135,"column":5}},"44":{"start":{"line":133,"column":6},"end":{"line":133,"column":60}},"45":{"start":{"line":134,"column":6},"end":{"line":134,"column":39}},"46":{"start":{"line":137,"column":4},"end":{"line":137,"column":42}},"47":{"start":{"line":139,"column":4},"end":{"line":139,"column":56}},"48":{"start":{"line":140,"column":4},"end":{"line":140,"column":37}},"49":{"start":{"line":150,"column":2},"end":{"line":162,"column":3}},"50":{"start":{"line":151,"column":22},"end":{"line":151,"column":95}},"51":{"start":{"line":153,"column":4},"end":{"line":156,"column":5}},"52":{"start":{"line":154,"column":6},"end":{"line":154,"column":62}},"53":{"start":{"line":155,"column":6},"end":{"line":155,"column":39}},"54":{"start":{"line":158,"column":4},"end":{"line":158,"column":42}},"55":{"start":{"line":160,"column":4},"end":{"line":160,"column":58}},"56":{"start":{"line":161,"column":4},"end":{"line":161,"column":37}},"57":{"start":{"line":165,"column":0},"end":{"line":169,"column":2}}},"fnMap":{"0":{"name":"detectMilestone","decl":{"start":{"line":17,"column":15},"end":{"line":17,"column":30}},"loc":{"start":{"line":17,"column":66},"end":{"line":114,"column":1}},"line":17},"1":{"name":"recordPromptShown","decl":{"start":{"line":123,"column":15},"end":{"line":123,"column":32}},"loc":{"start":{"line":123,"column":75},"end":{"line":142,"column":1}},"line":123},"2":{"name":"clearPromptTracking","decl":{"start":{"line":149,"column":15},"end":{"line":149,"column":34}},"loc":{"start":{"line":149,"column":43},"end":{"line":163,"column":1}},"line":149}},"branchMap":{"0":{"loc":{"start":{"line":17,"column":50},"end":{"line":17,"column":64}},"type":"default-arg","locations":[{"start":{"line":17,"column":62},"end":{"line":17,"column":64}}],"line":17},"1":{"loc":{"start":{"line":22,"column":4},"end":{"line":24,"column":5}},"type":"if","locations":[{"start":{"line":22,"column":4},"end":{"line":24,"column":5}},{"start":{},"end":{}}],"line":22},"2":{"loc":{"start":{"line":22,"column":8},"end":{"line":22,"column":26}},"type":"binary-expr","locations":[{"start":{"line":22,"column":8},"end":{"line":22,"column":17}},{"start":{"line":22,"column":21},"end":{"line":22,"column":26}}],"line":22},"3":{"loc":{"start":{"line":27,"column":4},"end":{"line":29,"column":5}},"type":"if","locations":[{"start":{"line":27,"column":4},"end":{"line":29,"column":5}},{"start":{},"end":{}}],"line":27},"4":{"loc":{"start":{"line":35,"column":4},"end":{"line":81,"column":5}},"type":"switch","locations":[{"start":{"line":36,"column":6},"end":{"line":44,"column":14}},{"start":{"line":46,"column":6},"end":{"line":54,"column":14}},{"start":{"line":56,"column":6},"end":{"line":63,"column":14}},{"start":{"line":65,"column":6},"end":{"line":77,"column":14}},{"start":{"line":79,"column":6},"end":{"line":80,"column":83}}],"line":35},"5":{"loc":{"start":{"line":37,"column":8},"end":{"line":43,"column":9}},"type":"if","locations":[{"start":{"line":37,"column":8},"end":{"line":43,"column":9}},{"start":{},"end":{}}],"line":37},"6":{"loc":{"start":{"line":40,"column":29},"end":{"line":40,"column":82}},"type":"binary-expr","locations":[{"start":{"line":40,"column":29},"end":{"line":40,"column":54}},{"start":{"line":40,"column":58},"end":{"line":40,"column":82}}],"line":40},"7":{"loc":{"start":{"line":41,"column":26},"end":{"line":41,"column":53}},"type":"binary-expr","locations":[{"start":{"line":41,"column":26},"end":{"line":41,"column":48}},{"start":{"line":41,"column":52},"end":{"line":41,"column":53}}],"line":41},"8":{"loc":{"start":{"line":47,"column":8},"end":{"line":53,"column":9}},"type":"if","locations":[{"start":{"line":47,"column":8},"end":{"line":53,"column":9}},{"start":{},"end":{}}],"line":47},"9":{"loc":{"start":{"line":50,"column":27},"end":{"line":50,"column":76}},"type":"binary-expr","locations":[{"start":{"line":50,"column":27},"end":{"line":50,"column":50}},{"start":{"line":50,"column":54},"end":{"line":50,"column":76}}],"line":50},"10":{"loc":{"start":{"line":51,"column":26},"end":{"line":51,"column":53}},"type":"binary-expr","locations":[{"start":{"line":51,"column":26},"end":{"line":51,"column":48}},{"start":{"line":51,"column":52},"end":{"line":51,"column":53}}],"line":51},"11":{"loc":{"start":{"line":57,"column":8},"end":{"line":62,"column":9}},"type":"if","locations":[{"start":{"line":57,"column":8},"end":{"line":62,"column":9}},{"start":{},"end":{}}],"line":57},"12":{"loc":{"start":{"line":66,"column":8},"end":{"line":76,"column":9}},"type":"if","locations":[{"start":{"line":66,"column":8},"end":{"line":76,"column":9}},{"start":{"line":71,"column":15},"end":{"line":76,"column":9}}],"line":66},"13":{"loc":{"start":{"line":71,"column":15},"end":{"line":76,"column":9}},"type":"if","locations":[{"start":{"line":71,"column":15},"end":{"line":76,"column":9}},{"start":{},"end":{}}],"line":71},"14":{"loc":{"start":{"line":84,"column":4},"end":{"line":86,"column":5}},"type":"if","locations":[{"start":{"line":84,"column":4},"end":{"line":86,"column":5}},{"start":{},"end":{}}],"line":84},"15":{"loc":{"start":{"line":94,"column":4},"end":{"line":97,"column":5}},"type":"if","locations":[{"start":{"line":94,"column":4},"end":{"line":97,"column":5}},{"start":{},"end":{}}],"line":94},"16":{"loc":{"start":{"line":100,"column":4},"end":{"line":102,"column":5}},"type":"if","locations":[{"start":{"line":100,"column":4},"end":{"line":102,"column":5}},{"start":{},"end":{}}],"line":100},"17":{"loc":{"start":{"line":123,"column":56},"end":{"line":123,"column":73}},"type":"default-arg","locations":[{"start":{"line":123,"column":68},"end":{"line":123,"column":73}}],"line":123},"18":{"loc":{"start":{"line":132,"column":4},"end":{"line":135,"column":5}},"type":"if","locations":[{"start":{"line":132,"column":4},"end":{"line":135,"column":5}},{"start":{},"end":{}}],"line":132},"19":{"loc":{"start":{"line":153,"column":4},"end":{"line":156,"column":5}},"type":"if","locations":[{"start":{"line":153,"column":4},"end":{"line":156,"column":5}},{"start":{},"end":{}}],"line":153}},"s":{"0":1,"1":0,"2":0,"3":0,"4":0,"5":0,"6":0,"7":0,"8":0,"9":0,"10":0,"11":0,"12":0,"13":0,"14":0,"15":0,"16":0,"17":0,"18":0,"19":0,"20":0,"21":0,"22":0,"23":0,"24":0,"25":0,"26":0,"27":0,"28":0,"29":0,"30":0,"31":0,"32":0,"33":0,"34":0,"35":0,"36":0,"37":0,"38":0,"39":0,"40":0,"41":0,"42":0,"43":0,"44":0,"45":0,"46":0,"47":0,"48":0,"49":0,"50":0,"51":0,"52":0,"53":0,"54":0,"55":0,"56":0,"57":1},"f":{"0":0,"1":0,"2":0},"b":{"0":[0],"1":[0,0],"2":[0,0],"3":[0,0],"4":[0,0,0,0,0],"5":[0,0],"6":[0,0],"7":[0,0],"8":[0,0],"9":[0,0],"10":[0,0],"11":[0,0],"12":[0,0],"13":[0,0],"14":[0,0],"15":[0,0],"16":[0,0],"17":[0],"18":[0,0],"19":[0,0]},"_coverageSchema":"1a1c01bbd47fc00a2c39e90264f33305004495a9","hash":"fef0e72dee069ecb38a024456571d390a47909bf"}
,"F:\\My Projects~\\LivUpp\\Back-end\\src\\utils\\tableVerification.js": {"path":"F:\\My Projects~\\LivUpp\\Back-end\\src\\utils\\tableVerification.js","statementMap":{"0":{"start":{"line":1,"column":18},"end":{"line":1,"column":47}},"1":{"start":{"line":4,"column":14},"end":{"line":9,"column":3}},"2":{"start":{"line":11,"column":26},"end":{"line":11,"column":55}},"3":{"start":{"line":13,"column":2},"end":{"line":16,"column":3}},"4":{"start":{"line":14,"column":4},"end":{"line":14,"column":83}},"5":{"start":{"line":15,"column":4},"end":{"line":15,"column":17}},"6":{"start":{"line":18,"column":2},"end":{"line":18,"column":46}},"7":{"start":{"line":22,"column":14},"end":{"line":22,"column":48}},"8":{"start":{"line":23,"column":26},"end":{"line":23,"column":55}},"9":{"start":{"line":25,"column":2},"end":{"line":28,"column":3}},"10":{"start":{"line":26,"column":4},"end":{"line":26,"column":85}},"11":{"start":{"line":27,"column":4},"end":{"line":27,"column":17}},"12":{"start":{"line":30,"column":2},"end":{"line":30,"column":46}},"13":{"start":{"line":33,"column":0},"end":{"line":33,"column":59}}},"fnMap":{"0":{"name":"verifyTableExists","decl":{"start":{"line":3,"column":15},"end":{"line":3,"column":32}},"loc":{"start":{"line":3,"column":44},"end":{"line":19,"column":1}},"line":3},"1":{"name":"verifyTableHasData","decl":{"start":{"line":21,"column":15},"end":{"line":21,"column":33}},"loc":{"start":{"line":21,"column":45},"end":{"line":31,"column":1}},"line":21}},"branchMap":{"0":{"loc":{"start":{"line":13,"column":2},"end":{"line":16,"column":3}},"type":"if","locations":[{"start":{"line":13,"column":2},"end":{"line":16,"column":3}},{"start":{},"end":{}}],"line":13},"1":{"loc":{"start":{"line":18,"column":9},"end":{"line":18,"column":45}},"type":"binary-expr","locations":[{"start":{"line":18,"column":9},"end":{"line":18,"column":13}},{"start":{"line":18,"column":17},"end":{"line":18,"column":24}},{"start":{"line":18,"column":28},"end":{"line":18,"column":45}}],"line":18},"2":{"loc":{"start":{"line":25,"column":2},"end":{"line":28,"column":3}},"type":"if","locations":[{"start":{"line":25,"column":2},"end":{"line":28,"column":3}},{"start":{},"end":{}}],"line":25},"3":{"loc":{"start":{"line":30,"column":9},"end":{"line":30,"column":45}},"type":"binary-expr","locations":[{"start":{"line":30,"column":9},"end":{"line":30,"column":13}},{"start":{"line":30,"column":17},"end":{"line":30,"column":24}},{"start":{"line":30,"column":28},"end":{"line":30,"column":45}}],"line":30}},"s":{"0":1,"1":0,"2":0,"3":0,"4":0,"5":0,"6":0,"7":0,"8":0,"9":0,"10":0,"11":0,"12":0,"13":1},"f":{"0":0,"1":0},"b":{"0":[0,0],"1":[0,0,0],"2":[0,0],"3":[0,0,0]},"_coverageSchema":"1a1c01bbd47fc00a2c39e90264f33305004495a9","hash":"d4b6f65aebf0c9190007e2cc0331ddf22a7c9677"}
}
